#fOrTyTwO
$hz=128;
$XS_VERSION='DProf 20050603.00';
# All values are given in HZ
$over_utime=4; $over_stime=8; $over_rtime=13;
$over_tests=10000;
$rrun_utime=35; $rrun_stime=6; $rrun_rtime=40;
$total_marks=9062                                                                                                                                                                                

PART2
@ 1 0 0
& 2 main BEGIN
+ 2
& 3 CGI::Carp BEGIN
+ 3
& 4 Exporter import
+ 4
- 4
- 3
+ 3
- 3
& 5 CGI::Carp BEGIN
+ 5
& 6 File::Spec BEGIN
+ 6
& 7 strict bits
+ 7
- 7
& 8 strict import
+ 8
- 8
- 6
+ 6
& 9 vars BEGIN
+ 9
- 9
& a vars BEGIN
+ a
& b warnings BEGIN
+ b
- b
@ 0 0 1
& c warnings::register import
+ c
& d warnings::register mkMask
+ d
- d
+ d
- d
- c
- a
+ a
+ 8
+ 7
- 7
- 8
- a
& e vars import
+ e
- e
- 6
@ 1 0 0
& f File::Spec::Unix BEGIN
+ f
+ 8
- 8
- f
+ f
+ e
- e
- f
& 10 File::Spec::Unix BEGIN
+ 10
& 11 strict unimport
+ 11
+ 7
- 7
- 11
- 10
- 5
& 12 CGI::Carp import
+ 12
+ 4
- 4
- 12
- 2
+ 2
& 13 lib BEGIN
+ 13
& 14 BSDPAN::Config BEGIN
+ 14
+ 8
- 8
- 14
+ 14
& 15 BSDPAN BEGIN
+ 15
- 15
@ 0 0 1
- 14
& 16 BSDPAN::Config BEGIN
+ 16
- 16
+ 16
& 17 BSDPAN::Override BEGIN
+ 17
+ 8
- 8
- 17
+ 17
+ 4
- 4
- 17
+ 17
- 17
& 18 BSDPAN::Override BEGIN
+ 18
+ e
- e
- 18
& 19 BSDPAN::Override import
+ 19
& 1a BSDPAN path
+ 1a
- 1a
& 1b BSDPAN canonical_path
+ 1b
- 1b
+ 1b
- 1b
+ 1b
- 1b
+ 1b
- 1b
+ 1b
- 1b
+ 1b
- 1b
+ 1b
- 1b
& 1c Config BEGIN
+ 1c
+ 8
- 8
- 1c
& 1d Config BEGIN
+ 1d
+ 11
+ 7
- 7
- 11
- 1d
@ 1 0 0
& 1e Config TIEHASH
+ 1e
- 1e
& 1f Exporter export_to_level
+ 1f
& 20 Exporter as_heavy
+ 20
& 21 Exporter::Heavy BEGIN
+ 21
+ 8
- 8
- 21
+ 21
+ 11
+ 7
- 7
- 11
- 21
- 20
& 22 Exporter::Heavy heavy_export_to_level
* 22
& 23 Exporter export
+ 23
+ 20
- 20
& 24 Exporter::Heavy heavy_export
* 24
- 23
- 1f
- 19
- 16
& 25 Config import
+ 25
- 25
- 13
+ 13
+ 8
- 8
- 13
& 26 Config FETCH
+ 26
- 26
+ 26
- 26
+ 26
- 26
& 27 lib import
+ 27
& 28 lib _nativize
+ 28
- 28
& 29 lib _get_dirs
+ 29
- 29
- 27
- 2
+ 2
& 2a Oper::Ajax BEGIN
+ 2a
+ 8
- 8
- 2a
+ 2a
& 2b base BEGIN
+ 2b
+ 8
+ 7
- 7
- 8
- 2b
+ 2b
+ e
- e
- 2b
@ 0 0 1
& 2c base import
+ 2c
& 2d UNIVERSAL isa
+ 2d
- 2d
& 2e base has_version
+ 2e
- 2e
& 2f CGIBase BEGIN
+ 2f
+ 8
- 8
- 2f
+ 2f
& 30 Encode BEGIN
+ 30
+ 8
- 8
- 30
+ 30
& 31 warnings import
+ 31
- 31
- 30
+ 30
- 30
& 32 Encode BEGIN
+ 32
+ 2c
+ 2d
- 2d
+ 2e
- 2e
& 33 base has_fields
+ 33
- 33
& 34 base has_attr
+ 34
- 34
- 2c
- 32
& 35 Encode BEGIN
+ 35
& 36 Encode::Alias BEGIN
+ 36
+ 8
- 8
- 36
+ 36
+ 31
- 31
- 36
+ 36
& 37 warnings unimport
+ 37
- 37
- 36
+ 36
+ 4
- 4
- 36
& 38 Encode::Alias BEGIN
+ 38
+ 2c
+ 2d
- 2d
+ 2e
- 2e
+ 33
- 33
+ 34
- 34
- 2c
- 38
@ 1 0 0
& 39 Encode::Alias init_aliases
+ 39
& 3a Encode::Alias undef_aliases
+ 3a
- 3a
& 3b Encode::Alias define_alias
+ 3b
- 3b
+ 3b
- 3b
+ 3b
- 3b
+ 3b
- 3b
+ 3b
- 3b
+ 3b
- 3b
+ 3b
- 3b
+ 3b
- 3b
+ 3b
- 3b
+ 3b
- 3b
+ 3b
- 3b
+ 3b
- 3b
+ 3b
- 3b
+ 3b
- 3b
+ 3b
- 3b
+ 3b
- 3b
+ 3b
- 3b
+ 3b
- 3b
+ 3b
- 3b
+ 3b
- 3b
+ 3b
- 3b
+ 3b
- 3b
+ 3b
- 3b
+ 3b
- 3b
+ 3b
- 3b
+ 3b
- 3b
+ 3b
- 3b
+ 3b
- 3b
+ 3b
- 3b
+ 3b
- 3b
+ 3b
- 3b
+ 3b
- 3b
+ 3b
- 3b
+ 3b
- 3b
+ 3b
- 3b
+ 3b
- 3b
+ 3b
- 3b
+ 3b
- 3b
+ 3b
- 3b
+ 3b
- 3b
+ 3b
- 3b
+ 3b
- 3b
+ 3b
- 3b
- 39
+ 4
- 4
- 35
& 3c Encode BEGIN
+ 3c
+ 37
- 37
- 3c
& 3d Encode::utf8 BEGIN
+ 3d
& 3e bytes import
+ 3e
- 3e
- 3d
& 3f XSLoader load
+ 3f
& 40 DynaLoader dl_load_file
+ 40
- 40
& 41 DynaLoader dl_undef_symbols
+ 41
- 41
& 42 DynaLoader dl_find_symbol
+ 42
- 42
& 43 DynaLoader dl_install_xsub
+ 43
- 43
& 44 Encode bootstrap
+ 44
@ 0 0 1
& 45 Encode define_encoding
+ 45
- 45
+ 45
- 45
+ 45
- 45
+ 45
- 45
- 44
- 3f
& 46 Encode::Config BEGIN
+ 46
+ 8
- 8
- 46
+ 46
+ 31
- 31
- 46
& 47 Encode predefine_encodings
+ 47
& 48 Encode::Encoding BEGIN
+ 48
+ 8
- 8
- 48
+ 48
+ 31
- 31
- 48
- 47
@ 1 0 0
+ 4
- 4
- 2f
+ 2f
+ 2c
+ 2d
- 2d
+ 2e
- 2e
& 49 CGI::Application BEGIN
+ 49
+ 4
- 4
- 49
+ 49
+ 8
- 8
- 49
+ 49
& 4a Class::ISA BEGIN
+ 4a
+ 8
- 8
- 4a
+ 4a
+ e
- e
- 4a
& 4b Class::ISA BEGIN
+ 4b
+ 11
+ 7
- 7
- 11
- 4b
& 4c Class::ISA BEGIN
+ 4c
+ 11
+ 7
- 7
- 11
- 4c
- 49
@ 0 0 1
+ 33
- 33
+ 34
- 34
+ 2d
- 2d
+ 2e
- 2e
+ 33
- 33
+ 34
- 34
- 2c
- 2f
+ 2f
& 4d Template BEGIN
+ 4d
+ 8
- 8
- 4d
+ 4d
+ 31
- 31
- 4d
+ 4d
+ 2c
+ 2d
- 2d
+ 2e
- 2e
& 4e Template::Base BEGIN
+ 4e
+ 8
- 8
- 4e
+ 4e
+ 31
- 31
- 4e
+ 4e
& 4f Template::Constants BEGIN
+ 4f
+ 8
- 8
- 4f
+ 4f
+ 31
- 31
- 4f
+ 4f
+ 2c
+ 2d
- 2d
+ 2e
- 2e
+ 33
- 33
+ 34
- 34
- 2c
- 4f
+ 4f
+ e
- e
- 4f
+ 4f
+ e
- e
- 4f
& 50 Template::Constants BEGIN
+ 50
& 51 constant BEGIN
+ 51
+ 8
- 8
- 51
+ 51
- 51
+ 51
@ 1 0 0
+ c
+ d
- d
+ d
- d
- c
- 51
& 52 constant BEGIN
+ 52
+ 11
+ 7
- 7
- 11
- 52
& 53 constant import
+ 53
- 53
- 50
+ 50
+ 53
- 53
- 50
+ 50
+ 53
- 53
- 50
+ 50
+ 53
- 53
- 50
+ 50
+ 53
- 53
- 50
+ 50
+ 53
- 53
- 50
+ 50
+ 53
- 53
- 50
+ 50
+ 53
- 53
- 50
+ 50
+ 53
- 53
- 50
+ 50
+ 53
- 53
- 50
+ 50
+ 53
- 53
- 50
+ 50
+ 53
- 53
- 50
+ 50
+ 53
- 53
- 50
+ 50
+ 53
- 53
- 50
+ 50
+ 53
- 53
- 50
+ 50
+ 53
- 53
- 50
+ 50
+ 53
- 53
- 50
+ 50
+ 53
- 53
- 50
+ 50
+ 53
- 53
- 50
+ 50
+ 53
- 53
- 50
+ 50
+ 53
- 53
- 50
+ 50
+ 53
- 53
- 50
+ 50
+ 53
- 53
- 50
+ 50
+ 53
- 53
- 50
+ 50
+ 53
- 53
- 50
+ 50
+ 53
- 53
- 50
+ 50
+ 53
- 53
- 50
+ 50
+ 53
- 53
- 50
+ 50
+ 53
- 53
- 50
+ 50
+ 53
- 53
- 50
+ 50
+ 53
- 53
- 50
+ 50
+ 53
- 53
- 50
+ 50
+ 53
- 53
- 50
& 54 constant __ANON__
+ 54
- 54
+ 54
- 54
& 55 constant __ANON__
+ 55
- 55
+ 55
- 55
& 56 constant __ANON__
+ 56
- 56
+ 56
- 56
& 57 constant __ANON__
+ 57
- 57
+ 57
- 57
& 58 constant __ANON__
+ 58
- 58
+ 58
- 58
& 59 constant __ANON__
+ 59
- 59
+ 59
- 59
& 5a constant __ANON__
+ 5a
- 5a
+ 5a
- 5a
& 5b constant __ANON__
+ 5b
- 5b
+ 5b
- 5b
& 5c constant __ANON__
+ 5c
- 5c
+ 5c
- 5c
& 5d constant __ANON__
+ 5d
- 5d
+ 5d
- 5d
& 5e constant __ANON__
+ 5e
- 5e
+ 5e
- 5e
& 5f constant __ANON__
+ 5f
- 5f
+ 5f
- 5f
& 60 constant __ANON__
+ 60
- 60
+ 60
- 60
& 61 constant __ANON__
+ 61
- 61
+ 61
- 61
+ 4
- 4
- 4e
& 62 Template::Base BEGIN
+ 62
+ 11
+ 7
- 7
- 11
- 62
& 63 Template::Base BEGIN
+ 63
+ 11
+ 7
- 7
- 11
- 63
& 64 Template::Base BEGIN
+ 64
+ 11
+ 7
- 7
- 11
- 64
+ 33
- 33
+ 34
- 34
- 2c
- 4d
+ 4d
@ 0 0 1
& 65 Template::Config BEGIN
+ 65
+ 8
- 8
- 65
+ 65
+ 31
- 31
- 65
+ 65
+ 2c
+ 2d
- 2d
+ 2e
- 2e
+ 33
- 33
+ 34
- 34
- 2c
- 65
+ 65
+ e
- e
- 65
- 4d
+ 4d
+ 4
- 4
- 4d
+ 4d
& 66 Template::Provider BEGIN
+ 66
+ 8
- 8
- 66
+ 66
+ 31
- 31
- 66
+ 66
+ 2c
+ 2d
- 2d
+ 2e
- 2e
+ 33
- 33
+ 34
- 34
- 2c
- 66
+ 66
- 66
+ 66
+ 4
- 4
- 66
@ 1 0 0
+ 66
& 67 Template::Document BEGIN
+ 67
+ 8
- 8
- 67
+ 67
+ 31
- 31
- 67
+ 67
+ 2c
+ 2d
- 2d
+ 2e
- 2e
+ 33
- 33
+ 34
- 34
- 2c
- 67
+ 67
+ 4
- 4
- 67
& 68 Template::Document BEGIN
+ 68
- 68
- 66
+ 66
& 69 File::Basename BEGIN
+ 69
& 6a re import
+ 6a
& 6b re bits
+ 6b
- 6b
- 6a
- 69
+ 69
+ 8
- 8
- 69
+ 69
- 69
+ 69
+ 31
- 31
- 69
& 6c File::Basename BEGIN
+ 6c
- 6c
& 6d File::Basename fileparse_set_fstype
+ 6d
- 6d
+ 4
- 4
- 66
+ 66
- 66
+ 66
+ 53
- 53
- 66
+ 66
+ 53
- 53
- 66
+ 66
+ 53
- 53
- 66
+ 66
+ 53
- 53
- 66
+ 66
+ 53
@ 0 0 1
- 53
- 66
+ 66
+ 53
- 53
- 66
& 6e Template::Provider BEGIN
+ 6e
- 6e
@ 0 1 0
& 6f Template::Provider BEGIN
+ 6f
+ 3e
- 3e
- 6f
- 4d
+ 4d
& 70 Template::Service BEGIN
+ 70
+ 8
- 8
- 70
+ 70
+ 31
- 31
- 70
+ 70
+ 2c
+ 2d
- 2d
+ 2e
- 2e
+ 33
- 33
+ 34
- 34
- 2c
- 70
+ 70
- 70
+ 70
& 71 Template::Exception BEGIN
+ 71
+ 8
- 8
- 71
+ 71
+ 31
- 31
- 71
+ 71
+ 53
- 53
- 71
+ 71
+ 53
- 53
- 71
+ 71
+ 53
- 53
- 71
+ 71
& 72 overload BEGIN
+ 72
+ c
+ d
- d
@ 0 0 1
+ d
- d
- c
- 72
& 73 overload import
+ 73
& 74 overload OVERLOAD
+ 74
- 74
- 73
- 71
- 70
+ 70
+ 4
- 4
- 70
@ 1 0 0
- 4d
+ 4d
+ 4
- 4
- 4d
+ 4d
& 75 File::Path BEGIN
+ 75
- 75
+ 75
+ 4
- 4
- 75
+ 75
- 75
+ 75
- 75
+ 75
+ 8
- 8
- 75
+ 75
+ 31
- 31
- 75
& 76 File::Path BEGIN
+ 76
+ 11
+ 7
- 7
- 11
- 76
+ 4
- 4
- 4d
- 2f
+ 2f
& 77 POSIX BEGIN
+ 77
& 78 AutoLoader BEGIN
+ 78
+ 8
- 8
- 78
+ 78
- 78
& 79 AutoLoader BEGIN
+ 79
- 79
& 7a AutoLoader BEGIN
+ 7a
+ 11
+ 7
- 7
- 11
- 7a
& 7b AutoLoader BEGIN
+ 7b
+ 11
+ 7
- 7
- 11
- 7b
& 7c AutoLoader BEGIN
+ 7c
+ 11
+ 7
- 7
- 11
- 7c
& 7d AutoLoader import
+ 7d
@ 0 0 1
- 7d
- 77
+ 77
- 77
& 7e POSIX::SigAction BEGIN
+ 7e
+ 7d
- 7d
- 7e
+ 3f
+ 40
@ 1 0 0
- 40
+ 41
- 41
+ 42
- 42
+ 43
- 43
& 7f POSIX bootstrap
+ 7f
- 7f
- 3f
& 80 POSIX import
+ 80
& 81 POSIX AUTOLOAD
+ 81
& 82 AutoLoader AUTOLOAD
* 82
& 83 POSIX load_imports
* 83
- 81
+ 4
@ 0 0 1
- 4
- 80
- 2f
& 84 CGIBase BEGIN
+ 84
+ 27
+ 28
- 28
+ 29
- 29
- 27
- 84
+ 84
& 85 Storable BEGIN
+ 85
+ 7d
- 7d
- 85
+ 85
& 86 FileHandle BEGIN
+ 86
- 86
+ 86
+ 8
- 8
- 86
& 87 FileHandle BEGIN
+ 87
+ 11
+ 7
- 7
- 11
- 87
@ 1 0 0
& 88 IO::File BEGIN
+ 88
- 88
+ 88
+ 8
- 8
- 88
& 89 IO::File BEGIN
+ 89
+ 4
- 4
- 89
+ 89
& 8a Symbol BEGIN
+ 8a
- 8a
+ 4
- 4
- 89
+ 89
& 8b SelectSaver BEGIN
+ 8b
+ 4
- 4
- 8b
+ 8b
+ 4
- 4
- 8b
- 89
+ 89
& 8c IO::Seekable BEGIN
+ 8c
- 8c
+ 8c
+ 4
- 4
- 8c
+ 8c
+ 8
- 8
- 8c
& 8d IO::Seekable BEGIN
+ 8d
& 8e IO::Handle BEGIN
+ 8e
- 8e
+ 8e
+ 8
- 8
- 8e
& 8f IO::Handle BEGIN
+ 8f
+ 4
- 4
- 8f
+ 8f
+ 4
- 4
- 8f
+ 8f
- 8f
+ 8f
& 90 IO BEGIN
+ 90
- 90
+ 90
+ 4
- 4
- 90
+ 90
+ 8
- 8
- 90
+ 90
+ 31
- 31
- 90
+ 3f
+ 40
- 40
+ 41
- 41
+ 42
- 42
+ 43
- 43
& 91 IO bootstrap
+ 91
- 91
- 3f
- 8f
@ 0 0 1
& 92 IO::Handle BEGIN
+ 92
+ 11
+ 7
- 7
- 11
- 92
- 8d
+ 8d
@ 1 0 0
& 93 Fcntl BEGIN
+ 93
- 93
+ 3f
+ 40
- 40
+ 41
- 41
+ 42
- 42
+ 43
- 43
& 94 Fcntl bootstrap
+ 94
- 94
- 3f
+ 4
- 4
- 8d
+ 4
- 4
- 89
+ 89
- 89
+ 4
- 4
+ 4
- 4
& 95 FileHandle import
+ 95
+ 23
+ 20
- 20
* 24
- 23
+ 23
+ 20
- 20
* 24
- 23
- 95
- 85
& 96 Storable BEGIN
+ 96
+ e
- e
- 96
& 97 Storable BEGIN
+ 97
+ 4
+ 23
+ 20
- 20
* 24
- 23
- 4
- 97
& 98 DynaLoader BEGIN
+ 98
+ e
- e
- 98
& 99 DynaLoader BEGIN
+ 99
+ 25
- 25
- 99
@ 0 1 1
+ 26
- 26
+ 26
- 26
+ 26
- 26
+ 26
- 26
& 9a Storable BEGIN
+ 9a
/ 9a
& 9b DynaLoader bootstrap
+ 9b
& 9c DynaLoader dl_load_flags
+ 9c
- 9c
+ 40
- 40
+ 41
- 41
+ 42
- 42
+ 43
- 43
& 9d Storable bootstrap
+ 9d
- 9d
- 9b
+ 4
+ 23
+ 20
- 20
* 24
- 23
- 4
- 84
& 9e CGIBase BEGIN
+ 9e
& 9f SiteConfig BEGIN
+ 9f
+ 8
- 8
- 9f
+ 9f
+ 2c
+ 2d
- 2d
+ 2e
- 2e
+ 33
- 33
+ 34
- 34
- 2c
- 9f
+ 4
+ 23
+ 20
- 20
* 24
- 23
- 4
- 9e
+ 9e
& a0 SiteDB BEGIN
+ a0
+ 8
- 8
- a0
+ a0
+ 31
- 31
- a0
+ a0
& a1 SiteDB BEGIN
+ a1
- a1
& a2 DBI BEGIN
+ a2
- a2
+ a2
- a2
+ a2
- a2
+ a2
+ 9b
+ 9c
- 9c
+ 40
- 40
+ 41
- 41
+ 42
- 42
+ 43
- 43
& a3 DBI bootstrap
+ a3
- a3
- 9b
& a4 Exporter export_ok_tags
+ a4
+ 20
- 20
& a5 Exporter::Heavy heavy_export_ok_tags
* a5
& a6 Exporter::Heavy _push_tags
+ a6
- a6
- a4
- a2
& a7 DBI BEGIN
+ a7
+ 11
- 11
- a7
& a8 DBI BEGIN
+ a8
+ 8
- 8
- a8
@ 0 0 1
& a9 DBI BEGIN
+ a9
@ 1 0 0
+ 11
+ 7
- 7
- 11
- a9
& aa DBI BEGIN
+ aa
+ 11
+ 7
- 7
- 11
- aa
& ab DBI BEGIN
+ ab
+ 11
+ 7
- 7
- 11
- ab
& ac DBI BEGIN
+ ac
+ 11
+ 7
- 7
- 11
- ac
& ad DBI BEGIN
+ ad
+ 11
+ 7
- 7
- 11
- ad
& ae DBI BEGIN
+ ae
+ 11
+ 7
- 7
- 11
- ae
& af DBI BEGIN
+ af
+ 11
+ 7
- 7
- 11
- af
@ 0 0 1
& b0 DBD::_::common BEGIN
+ b0
+ 8
- 8
- b0
& b1 DBD::_::dr BEGIN
+ b1
+ 8
@ 1 0 0
- 8
- b1
& b2 DBD::_::db BEGIN
+ b2
+ 8
- 8
- b2
& b3 DBD::_::st BEGIN
+ b3
+ 8
- 8
- b3
& b4 Scalar::Util BEGIN
+ b4
+ 8
- 8
- b4
+ b4
+ e
- e
- b4
& b5 List::Util BEGIN
+ b5
+ 8
- 8
- b5
+ b5
+ e
- e
- b5
@ 0 0 1
+ 3f
+ 40
- 40
+ 41
- 41
+ 42
- 42
+ 43
- 43
& b6 List::Util bootstrap
+ b6
- b6
- 3f
& b7 Scalar::Util weaken
+ b7
- b7
& b8 DBI::var TIESCALAR
+ b8
- b8
+ b8
- b8
+ b8
- b8
+ b8
- b8
+ b8
- b8
& b9 DBI::DBI_tie TIEHASH
+ b9
- b9
& ba DBI _install_method
+ ba
- ba
+ ba
- ba
+ ba
- ba
+ ba
- ba
+ ba
- ba
+ ba
- ba
+ ba
- ba
+ ba
- ba
+ ba
- ba
+ ba
- ba
+ ba
- ba
+ ba
- ba
+ ba
- ba
+ ba
- ba
@ 1 0 0
+ ba
- ba
+ ba
- ba
+ ba
- ba
+ ba
- ba
+ ba
- ba
+ ba
- ba
+ ba
- ba
+ ba
- ba
+ ba
- ba
+ ba
- ba
+ ba
- ba
+ ba
- ba
+ ba
- ba
+ ba
- ba
+ ba
- ba
+ ba
- ba
+ ba
- ba
+ ba
- ba
+ ba
- ba
+ ba
- ba
+ ba
- ba
+ ba
- ba
+ ba
- ba
+ ba
- ba
+ ba
- ba
+ ba
- ba
+ ba
- ba
+ ba
- ba
+ ba
- ba
+ ba
- ba
+ ba
- ba
+ ba
- ba
+ ba
- ba
+ ba
- ba
+ ba
- ba
+ ba
- ba
+ ba
- ba
+ ba
- ba
+ ba
- ba
+ ba
- ba
+ ba
- ba
+ ba
- ba
+ ba
- ba
+ ba
- ba
+ ba
- ba
+ ba
- ba
+ ba
- ba
+ ba
- ba
+ ba
- ba
+ ba
- ba
+ ba
- ba
+ ba
- ba
+ ba
- ba
+ ba
- ba
+ ba
- ba
+ ba
- ba
+ ba
- ba
+ ba
- ba
+ ba
- ba
+ ba
- ba
+ ba
- ba
+ ba
- ba
+ ba
- ba
+ ba
- ba
+ ba
- ba
+ ba
- ba
+ ba
- ba
+ ba
- ba
+ ba
- ba
+ ba
- ba
+ ba
- ba
+ ba
- ba
+ ba
- ba
& bb DBI setup_driver
+ bb
+ 2d
- 2d
+ 2d
- 2d
+ 2d
- 2d
+ 2d
- 2d
+ 2d
- 2d
+ 2d
- 2d
- bb
+ 4
- 4
- a0
+ a0
+ 4
+ 23
+ 20
- 20
* 24
- 23
- 4
- a0
+ a0
& bc RHP::Timer BEGIN
+ bc
+ 8
- 8
- bc
+ bc
+ 31
- 31
- bc
+ bc
& bd Time::HiRes BEGIN
+ bd
+ 8
- 8
- bd
+ bd
+ e
- e
- bd
& be Time::HiRes BEGIN
+ be
+ 11
+ 7
- 7
- 11
- be
+ 9b
+ 9c
- 9c
+ 40
- 40
+ 41
- 41
+ 42
- 42
+ 43
- 43
& bf Time::HiRes bootstrap
+ bf
- bf
- 9b
- bc
& c0 RHP::Timer BEGIN
+ c0
+ 11
+ 7
- 7
- 11
- c0
- a0
+ a0
+ 4
- 4
- a0
& c1 SiteDB BEGIN
+ c1
& c2 DBI connect
+ c2
& c3 DBI install_driver
+ c3
& c4 DBD::mysql BEGIN
+ c4
+ 8
- 8
- c4
+ c4
+ e
- e
- c4
+ c4
- c4
+ c4
- c4
+ c4
- c4
& c5 DBD::mysql::dr BEGIN
+ c5
+ 8
- 8
- c5
+ c5
+ 4
+ 23
+ 20
- 20
* 24
@ 0 0 1
- 23
- 4
- c5
+ c5
& c6 DBI::Const::GetInfoType BEGIN
+ c6
+ 8
- 8
- c6
+ c6
- c6
+ c6
+ e
- e
- c6
& c7 DBI::Const::GetInfoType BEGIN
+ c7
@ 1 0 0
- c7
+ c7
@ 0 1 0
- c7
+ 4
+ 23
+ 20
- 20
* 24
- 23
- 4
- c5
& c8 DBD::mysql::db BEGIN
+ c8
+ 8
- 8
- c8
+ c8
+ 4
+ 23
+ 20
@ 0 0 1
- 20
* 24
- 23
- 4
- c8
& c9 DBD::mysql::st BEGIN
+ c9
+ 8
- 8
- c9
+ 9b
+ 9c
- 9c
+ 40
- 40
+ 41
- 41
+ 42
- 42
+ 43
- 43
& ca DBD::mysql bootstrap
+ ca
- ca
- 9b
+ bb
+ 2d
- 2d
+ 2d
- 2d
+ 2d
- 2d
+ 2d
- 2d
+ 2d
- 2d
+ 2d
- 2d
- bb
& cb DBD::mysql driver
+ cb
& cc DBI _new_drh
+ cc
& cd DBI _new_handle
+ cd
- cd
- cc
- cb
- c3
& ce DBI __ANON__
+ ce
& cf DBI::dr connect
+ cf
& d0 DBD::mysql::dr connect
+ d0
& d1 DBD::mysql _OdbcParse
+ d1
- d1
& d2 DBI _new_dbh
+ d2
+ cd
- cd
- d2
& d3 DBD::mysql::db _login
+ d3
@ 1 0 1
- d3
- d0
- cf
& d4 DBI::common STORE
+ d4
- d4
+ d4
- d4
+ d4
- d4
+ d4
- d4
& d5 DBI::common FETCH
+ d5
- d5
& d6 DBI::db connected
+ d6
- d6
- ce
+ d4
- d4
- c2
& d7 DBI::db do
+ d7
- d7
& d8 RHP::Timer new
+ d8
- d8
- c1
+ 4
+ 23
+ 20
- 20
* 24
- 23
- 4
- 9e
+ 9e
& d9 FloatFormat BEGIN
+ d9
- d9
+ d9
+ 8
- 8
- d9
+ d9
+ 31
- 31
- d9
+ d9
+ 4
- 4
- d9
& da FloatFormat BEGIN
+ da
+ 7d
- 7d
- da
& db FloatFormat BEGIN
+ db
+ 11
+ 7
- 7
- 11
- db
+ 3f
+ 40
- 40
+ 41
- 41
+ 42
- 42
+ 43
- 43
& dc FloatFormat bootstrap
+ dc
- dc
- 3f
+ 4
- 4
- 9e
+ 9e
& dd SiteCommon BEGIN
+ dd
+ 8
- 8
- dd
+ dd
+ 4
+ 23
+ 20
- 20
* 24
- 23
- 4
- dd
+ dd
+ 4
+ 23
+ 20
- 20
* 24
@ 0 1 0
- 23
- 4
- dd
+ dd
+ 2c
+ 2d
- 2d
+ 2e
- 2e
+ 33
- 33
+ 34
- 34
- 2c
- dd
+ dd
+ 80
+ 4
@ 0 0 1
- 4
- 80
- dd
@ 2 0 2
& de SiteCommon now
+ de
- de
+ 4
+ 23
+ 20
- 20
* 24
- 23
- 4
- 9e
& df CGIBase BEGIN
+ df
& e0 Rights BEGIN
+ e0
+ 8
- 8
- e0
+ e0
+ 2c
+ 2d
- 2d
+ 2e
- 2e
+ 33
- 33
+ 34
- 34
- 2c
- e0
+ e0
+ 4
- 4
- e0
+ e0
+ 4
+ 23
+ 20
- 20
* 24
- 23
- 4
- e0
+ 4
- 4
- df
@ 2 0 2
+ 33
- 33
+ 34
- 34
- 2c
- 2a
+ 2a
+ 4
+ 23
+ 20
- 20
* 24
- 23
- 4
- 2a
+ 2a
+ 4
+ 23
+ 20
- 20
* 24
- 23
- 4
- 2a
+ 2a
+ 4
+ 23
+ 20
- 20
* 24
- 23
- 4
- 2a
+ 2a
+ 80
+ 4
- 4
- 80
- 2a
@ 2 0 2
+ 4
- 4
- 2
& e1 CGI::Application new
+ e1
& e2 CGI::Application header_type
+ e2
- e2
& e3 CGI::Application mode_param
+ e3
- e3
& e4 CGI::Application start_mode
+ e4
- e4
& e5 CGI::Application _cap_hash
+ e5
- e5
& e6 CGI::Application call_hook
+ e6
& e7 Class::ISA self_and_super_path
+ e7
- e7
& e8 CGIBase cgiapp_init
+ e8
& e9 CGI::Application query
+ e9
& ea CGI::Application cgiapp_get_query
+ ea
& eb CGI BEGIN
+ eb
+ 4
- 4
- eb
& ec CGI BEGIN
+ ec
& ed CGI::Util BEGIN
+ ed
+ 8
- 8
- ed
+ ed
+ e
- e
- ed
+ 4
- 4
- ec
+ ec
+ 53
- 53
- ec
@ 1 0 1
& ee Fh BEGIN
+ ee
+ 73
+ 74
- 74
- 73
- ee
& ef MultipartBuffer BEGIN
+ ef
+ 53
- 53
- ef
& f0 CGI initialize_globals
+ f0
- f0
& f1 CGITempFile find_tempdir
+ f1
- f1
@ 0 0 1
& f2 CGI new
+ f2
& f3 CGI init
+ f3
& f4 CGI charset
+ f4
& f5 CGI self_or_default
+ f5
- f5
- f4
& f6 CGI AUTOLOAD
+ f6
& f7 CGI _compile
+ f7
@ 2 0 1
- f7
& f8 CGI read_from_cmdline
* f8
- f6
& f9 CGI param
+ f9
+ f5
- f5
- f9
+ f9
+ f5
- f5
- f9
+ f6
+ f7
- f7
& fa CGI delete
* fa
+ f5
- f5
& fb CGI::Util rearrange
+ fb
- fb
+ f9
+ f5
- f5
& fc CGI all_parameters
+ fc
- fc
- f9
- f6
+ fa
+ f5
- f5
+ fb
- fb
+ f9
+ f5
- f5
+ fc
- fc
- f9
- fa
& fd CGI save_request
+ fd
+ f9
+ f5
- f5
+ fc
- fc
- f9
+ f4
+ f5
- f5
- f4
- fd
- f3
- f2
- ea
- e9
+ f6
+ f7
- f7
& fe CGI url_param
* fe
+ f5
- f5
- f6
+ e9
- e9
+ fe
+ f5
- f5
- fe
+ e9
- e9
+ f9
+ f5
- f5
+ fc
- fc
- f9
+ e9
- e9
+ f9
+ f5
- f5
+ fb
- fb
- f9
& ff SiteCommon get_accounts
+ ff
& 100 DBI::db prepare
+ 100
& 101 DBD::mysql::db prepare
+ 101
& 102 DBI _new_sth
+ 102
+ cd
- cd
- 102
& 103 DBD::mysql::st _prepare
+ 103
- 103
- 101
- 100
& 104 DBI::st execute
+ 104
@ 0 0 1
- 104
& 105 DBI::st fetchrow_hashref
+ 105
+ d5
- d5
& 106 DBI::st fetch
+ 106
- 106
- 105
+ 105
+ d5
- d5
+ 106
- 106
- 105
+ 105
+ d5
- d5
+ 106
- 106
- 105
+ 105
+ d5
- d5
+ 106
- 106
- 105
+ 105
+ d5
- d5
+ 106
- 106
- 105
+ 105
+ d5
- d5
+ 106
- 106
- 105
+ 105
+ d5
- d5
+ 106
- 106
- 105
+ 105
+ d5
- d5
+ 106
- 106
- 105
+ 105
+ d5
- d5
+ 106
- 106
- 105
+ 105
+ d5
- d5
+ 106
- 106
- 105
+ 105
+ d5
- d5
@ 1 0 0
+ 106
- 106
- 105
+ 105
+ d5
- d5
+ 106
- 106
- 105
+ 105
+ d5
- d5
+ 106
- 106
- 105
+ 105
+ d5
- d5
+ 106
- 106
- 105
+ 105
+ d5
- d5
+ 106
- 106
- 105
+ 105
+ d5
- d5
+ 106
- 106
- 105
+ 105
+ d5
- d5
+ 106
- 106
- 105
+ 105
+ d5
- d5
+ 106
- 106
- 105
+ 105
+ d5
- d5
+ 106
- 106
- 105
+ 105
+ d5
- d5
+ 106
- 106
- 105
+ 105
+ d5
- d5
+ 106
- 106
- 105
+ 105
+ d5
- d5
+ 106
- 106
- 105
+ 105
+ d5
- d5
+ 106
- 106
- 105
+ 105
+ d5
- d5
+ 106
- 106
- 105
+ 105
+ d5
- d5
+ 106
- 106
- 105
+ 105
+ d5
- d5
+ 106
- 106
- 105
+ 105
+ d5
- d5
+ 106
- 106
- 105
+ 105
+ d5
- d5
+ 106
- 106
- 105
+ 105
+ d5
- d5
+ 106
- 106
- 105
+ 105
+ d5
- d5
+ 106
- 106
- 105
+ 105
+ d5
- d5
+ 106
- 106
- 105
+ 105
+ d5
- d5
+ 106
- 106
- 105
+ 105
+ d5
- d5
+ 106
- 106
- 105
+ 105
+ d5
- d5
+ 106
- 106
- 105
+ 105
+ d5
- d5
+ 106
- 106
- 105
+ 105
+ d5
- d5
+ 106
- 106
- 105
+ 105
+ d5
- d5
+ 106
- 106
- 105
+ 105
+ d5
- d5
+ 106
- 106
- 105
+ 105
+ d5
- d5
+ 106
- 106
- 105
+ 105
+ d5
- d5
+ 106
- 106
- 105
+ 105
+ d5
- d5
+ 106
- 106
- 105
+ 105
+ d5
- d5
+ 106
- 106
- 105
+ 105
+ d5
- d5
+ 106
- 106
- 105
+ 105
+ d5
- d5
+ 106
- 106
- 105
+ 105
+ d5
- d5
+ 106
- 106
- 105
+ 105
+ d5
- d5
+ 106
- 106
- 105
+ 105
+ d5
- d5
+ 106
- 106
- 105
+ 105
+ d5
- d5
+ 106
- 106
- 105
+ 105
+ d5
- d5
+ 106
- 106
- 105
+ 105
+ d5
- d5
+ 106
- 106
- 105
+ 105
+ d5
- d5
+ 106
- 106
- 105
+ 105
+ d5
- d5
+ 106
- 106
- 105
+ 105
+ d5
- d5
+ 106
- 106
- 105
+ 105
+ d5
- d5
+ 106
- 106
- 105
+ 105
+ d5
- d5
+ 106
- 106
- 105
+ 105
+ d5
- d5
+ 106
- 106
- 105
+ 105
+ d5
- d5
+ 106
- 106
- 105
+ 105
+ d5
- d5
+ 106
- 106
- 105
+ 105
+ d5
- d5
+ 106
- 106
- 105
+ 105
+ d5
- d5
+ 106
- 106
- 105
+ 105
+ d5
- d5
+ 106
- 106
- 105
+ 105
+ d5
- d5
+ 106
- 106
- 105
+ 105
+ d5
- d5
+ 106
- 106
- 105
+ 105
+ d5
- d5
+ 106
- 106
- 105
+ 105
+ d5
- d5
+ 106
- 106
- 105
+ 105
+ d5
- d5
+ 106
- 106
- 105
+ 105
+ d5
- d5
+ 106
- 106
- 105
+ 105
+ d5
- d5
+ 106
- 106
- 105
+ 105
+ d5
- d5
+ 106
- 106
- 105
+ 105
+ d5
- d5
+ 106
- 106
- 105
+ 105
+ d5
- d5
+ 106
- 106
- 105
+ 105
+ d5
- d5
+ 106
- 106
- 105
+ 105
+ d5
- d5
+ 106
- 106
- 105
+ 105
+ d5
- d5
+ 106
- 106
- 105
+ 105
+ d5
- d5
+ 106
- 106
- 105
+ 105
+ d5
- d5
+ 106
- 106
- 105
+ 105
+ d5
- d5
+ 106
- 106
- 105
+ 105
+ d5
- d5
+ 106
- 106
- 105
+ 105
+ d5
- d5
+ 106
- 106
- 105
+ 105
+ d5
- d5
+ 106
- 106
- 105
+ 105
+ d5
- d5
+ 106
- 106
- 105
+ 105
+ d5
- d5
+ 106
- 106
- 105
+ 105
+ d5
- d5
+ 106
- 106
- 105
+ 105
+ d5
- d5
+ 106
- 106
- 105
+ 105
+ d5
- d5
+ 106
- 106
- 105
+ 105
+ d5
- d5
+ 106
- 106
- 105
+ 105
+ d5
- d5
+ 106
- 106
- 105
+ 105
+ d5
- d5
+ 106
- 106
- 105
+ 105
+ d5
- d5
+ 106
- 106
- 105
+ 105
+ d5
- d5
+ 106
- 106
- 105
+ 105
+ d5
- d5
+ 106
- 106
- 105
+ 105
+ d5
- d5
+ 106
- 106
- 105
+ 105
+ d5
- d5
+ 106
- 106
- 105
+ 105
+ d5
- d5
+ 106
- 106
- 105
+ 105
+ d5
- d5
+ 106
- 106
- 105
+ 105
+ d5
- d5
+ 106
- 106
- 105
+ 105
+ d5
- d5
+ 106
- 106
- 105
+ 105
+ d5
- d5
+ 106
- 106
- 105
+ 105
+ d5
- d5
+ 106
- 106
- 105
+ 105
+ d5
- d5
+ 106
- 106
- 105
+ 105
+ d5
- d5
+ 106
- 106
- 105
+ 105
+ d5
- d5
+ 106
- 106
- 105
+ 105
+ d5
- d5
+ 106
- 106
- 105
+ 105
+ d5
- d5
+ 106
- 106
- 105
+ 105
+ d5
- d5
+ 106
- 106
- 105
+ 105
+ d5
- d5
+ 106
- 106
- 105
+ 105
+ d5
- d5
+ 106
- 106
- 105
+ 105
+ d5
- d5
+ 106
- 106
- 105
+ 105
+ d5
- d5
+ 106
- 106
- 105
+ 105
+ d5
- d5
+ 106
- 106
- 105
+ 105
+ d5
- d5
+ 106
- 106
- 105
+ 105
+ d5
- d5
+ 106
- 106
- 105
+ 105
+ d5
- d5
+ 106
- 106
- 105
+ 105
+ d5
- d5
+ 106
- 106
- 105
+ 105
+ d5
- d5
+ 106
- 106
- 105
+ 105
+ d5
- d5
+ 106
- 106
- 105
+ 105
+ d5
- d5
+ 106
- 106
- 105
+ 105
+ d5
- d5
+ 106
- 106
- 105
+ 105
+ d5
- d5
+ 106
- 106
- 105
+ 105
+ d5
- d5
+ 106
- 106
- 105
+ 105
+ d5
- d5
+ 106
- 106
- 105
+ 105
+ d5
- d5
+ 106
- 106
- 105
+ 105
+ d5
- d5
+ 106
- 106
- 105
+ 105
+ d5
- d5
+ 106
- 106
- 105
+ 105
+ d5
- d5
+ 106
- 106
- 105
+ 105
+ d5
- d5
+ 106
- 106
- 105
+ 105
+ d5
- d5
+ 106
- 106
- 105
+ 105
+ d5
- d5
+ 106
- 106
- 105
+ 105
+ d5
- d5
+ 106
- 106
- 105
+ 105
+ d5
- d5
+ 106
- 106
- 105
+ 105
+ d5
- d5
+ 106
- 106
- 105
+ 105
+ d5
- d5
+ 106
- 106
- 105
+ 105
+ d5
- d5
+ 106
- 106
- 105
+ 105
+ d5
- d5
+ 106
- 106
- 105
+ 105
+ d5
- d5
+ 106
- 106
- 105
+ 105
+ d5
- d5
+ 106
- 106
- 105
+ 105
+ d5
- d5
+ 106
- 106
- 105
+ 105
+ d5
- d5
+ 106
- 106
- 105
+ 105
+ d5
- d5
+ 106
- 106
- 105
+ 105
+ d5
- d5
+ 106
- 106
- 105
+ 105
+ d5
- d5
+ 106
- 106
- 105
+ 105
+ d5
- d5
+ 106
- 106
- 105
+ 105
+ d5
- d5
+ 106
- 106
- 105
+ 105
+ d5
- d5
+ 106
- 106
- 105
+ 105
+ d5
- d5
+ 106
- 106
- 105
+ 105
+ d5
- d5
+ 106
- 106
- 105
+ 105
+ d5
- d5
+ 106
- 106
- 105
+ 105
+ d5
- d5
+ 106
- 106
- 105
+ 105
+ d5
- d5
+ 106
- 106
- 105
+ 105
+ d5
- d5
+ 106
- 106
- 105
+ 105
+ d5
- d5
+ 106
- 106
- 105
+ 105
+ d5
- d5
+ 106
- 106
- 105
+ 105
+ d5
- d5
+ 106
- 106
- 105
+ 105
+ d5
- d5
+ 106
- 106
- 105
+ 105
+ d5
- d5
+ 106
- 106
- 105
+ 105
+ d5
- d5
+ 106
- 106
- 105
+ 105
+ d5
- d5
+ 106
- 106
- 105
@ 0 0 1
+ 105
+ d5
- d5
+ 106
- 106
- 105
+ 105
+ d5
- d5
+ 106
- 106
- 105
+ 105
+ d5
- d5
+ 106
- 106
- 105
+ 105
+ d5
- d5
+ 106
- 106
- 105
+ 105
+ d5
- d5
+ 106
- 106
- 105
+ 105
+ d5
- d5
+ 106
- 106
- 105
+ 105
+ d5
- d5
+ 106
- 106
- 105
+ 105
+ d5
- d5
+ 106
- 106
- 105
+ 105
+ d5
- d5
+ 106
- 106
- 105
+ 105
+ d5
- d5
+ 106
- 106
- 105
+ 105
+ d5
- d5
+ 106
- 106
- 105
+ 105
+ d5
- d5
+ 106
- 106
- 105
+ 105
+ d5
- d5
+ 106
- 106
- 105
+ 105
+ d5
- d5
+ 106
- 106
- 105
+ 105
+ d5
- d5
+ 106
- 106
- 105
+ 105
+ d5
- d5
+ 106
- 106
@ 1 0 0
- 105
+ 105
+ d5
- d5
+ 106
- 106
- 105
+ 105
+ d5
- d5
+ 106
- 106
- 105
+ 105
+ d5
- d5
+ 106
- 106
- 105
+ 105
+ d5
- d5
+ 106
- 106
- 105
+ 105
+ d5
- d5
+ 106
- 106
- 105
+ 105
+ d5
- d5
+ 106
- 106
- 105
+ 105
+ d5
- d5
+ 106
- 106
- 105
+ 105
+ d5
- d5
+ 106
- 106
- 105
+ 105
+ d5
- d5
+ 106
- 106
- 105
+ 105
+ d5
- d5
+ 106
- 106
- 105
+ 105
+ d5
- d5
+ 106
- 106
- 105
+ 105
+ d5
- d5
+ 106
- 106
- 105
+ 105
+ d5
- d5
+ 106
- 106
- 105
+ 105
+ d5
- d5
+ 106
- 106
- 105
+ 105
+ d5
- d5
+ 106
- 106
- 105
+ 105
+ d5
- d5
+ 106
- 106
- 105
+ 105
+ d5
- d5
+ 106
- 106
- 105
+ 105
+ d5
- d5
+ 106
- 106
- 105
+ 105
+ d5
- d5
+ 106
- 106
- 105
+ 105
+ d5
- d5
+ 106
- 106
- 105
+ 105
+ d5
- d5
+ 106
- 106
- 105
+ 105
+ d5
- d5
+ 106
- 106
- 105
+ 105
+ d5
- d5
+ 106
- 106
- 105
+ 105
+ d5
- d5
+ 106
- 106
- 105
+ 105
+ d5
- d5
+ 106
- 106
- 105
+ 105
+ d5
- d5
+ 106
- 106
- 105
+ 105
+ d5
- d5
+ 106
- 106
- 105
+ 105
+ d5
- d5
+ 106
- 106
- 105
+ 105
+ d5
- d5
+ 106
- 106
- 105
+ 105
+ d5
- d5
+ 106
- 106
- 105
+ 105
+ d5
- d5
+ 106
- 106
- 105
+ 105
+ d5
- d5
+ 106
- 106
- 105
+ 105
+ d5
- d5
+ 106
- 106
- 105
+ 105
+ d5
- d5
+ 106
- 106
- 105
+ 105
+ d5
- d5
+ 106
- 106
- 105
+ 105
+ d5
- d5
+ 106
- 106
- 105
+ 105
+ d5
- d5
+ 106
- 106
- 105
+ 105
+ d5
- d5
+ 106
- 106
- 105
+ 105
+ d5
- d5
+ 106
- 106
- 105
+ 105
+ d5
- d5
+ 106
- 106
- 105
+ 105
+ d5
- d5
+ 106
- 106
- 105
+ 105
+ d5
- d5
+ 106
- 106
- 105
+ 105
+ d5
- d5
+ 106
- 106
- 105
+ 105
+ d5
- d5
+ 106
- 106
- 105
+ 105
+ d5
- d5
+ 106
- 106
- 105
+ 105
+ d5
- d5
+ 106
- 106
- 105
+ 105
+ d5
- d5
+ 106
- 106
- 105
+ 105
+ d5
- d5
+ 106
- 106
- 105
+ 105
+ d5
- d5
+ 106
- 106
- 105
+ 105
+ d5
- d5
+ 106
- 106
- 105
+ 105
+ d5
- d5
+ 106
- 106
- 105
+ 105
+ d5
- d5
+ 106
- 106
- 105
+ 105
+ d5
- d5
+ 106
- 106
- 105
+ 105
+ d5
- d5
+ 106
- 106
- 105
+ 105
+ d5
- d5
+ 106
- 106
- 105
+ 105
+ d5
- d5
+ 106
- 106
- 105
+ 105
+ d5
- d5
+ 106
- 106
- 105
+ 105
+ d5
- d5
+ 106
- 106
- 105
+ 105
+ d5
- d5
+ 106
- 106
- 105
+ 105
+ d5
- d5
+ 106
- 106
- 105
+ 105
+ d5
- d5
+ 106
- 106
- 105
+ 105
+ d5
- d5
+ 106
- 106
- 105
+ 105
+ d5
- d5
+ 106
- 106
- 105
+ 105
+ d5
- d5
+ 106
- 106
- 105
+ 105
+ d5
- d5
+ 106
- 106
- 105
+ 105
+ d5
- d5
+ 106
- 106
- 105
+ 105
+ d5
- d5
+ 106
- 106
- 105
+ 105
+ d5
- d5
+ 106
- 106
- 105
+ 105
+ d5
- d5
+ 106
- 106
- 105
+ 105
+ d5
- d5
+ 106
- 106
- 105
+ 105
+ d5
- d5
+ 106
- 106
- 105
+ 105
+ d5
- d5
+ 106
- 106
- 105
+ 105
+ d5
- d5
+ 106
- 106
- 105
+ 105
+ d5
- d5
+ 106
- 106
- 105
+ 105
+ d5
- d5
+ 106
- 106
- 105
+ 105
+ d5
- d5
+ 106
- 106
- 105
+ 105
+ d5
- d5
+ 106
- 106
- 105
+ 105
+ d5
- d5
+ 106
- 106
- 105
+ 105
+ d5
- d5
+ 106
- 106
- 105
+ 105
+ d5
- d5
+ 106
- 106
- 105
+ 105
+ d5
- d5
+ 106
- 106
- 105
+ 105
+ d5
- d5
+ 106
- 106
- 105
+ 105
+ d5
- d5
+ 106
- 106
- 105
+ 105
+ d5
- d5
+ 106
- 106
- 105
+ 105
+ d5
- d5
+ 106
- 106
- 105
+ 105
+ d5
- d5
+ 106
- 106
- 105
+ 105
+ d5
- d5
+ 106
- 106
- 105
+ 105
+ d5
- d5
+ 106
- 106
- 105
+ 105
+ d5
- d5
+ 106
- 106
- 105
+ 105
+ d5
- d5
+ 106
- 106
- 105
+ 105
+ d5
- d5
+ 106
- 106
- 105
+ 105
+ d5
- d5
+ 106
- 106
- 105
+ 105
+ d5
- d5
+ 106
- 106
- 105
+ 105
+ d5
- d5
+ 106
- 106
- 105
+ 105
+ d5
- d5
+ 106
- 106
- 105
+ 105
+ d5
- d5
+ 106
- 106
- 105
+ 105
+ d5
- d5
+ 106
- 106
- 105
+ 105
+ d5
- d5
+ 106
- 106
- 105
+ 105
+ d5
- d5
+ 106
- 106
- 105
+ 105
+ d5
- d5
+ 106
- 106
- 105
+ 105
+ d5
- d5
+ 106
- 106
- 105
+ 105
+ d5
- d5
+ 106
- 106
- 105
+ 105
+ d5
- d5
+ 106
- 106
- 105
+ 105
+ d5
- d5
+ 106
- 106
- 105
+ 105
+ d5
- d5
+ 106
- 106
- 105
+ 105
+ d5
- d5
+ 106
- 106
- 105
+ 105
+ d5
- d5
+ 106
- 106
- 105
+ 105
+ d5
- d5
+ 106
- 106
- 105
+ 105
+ d5
- d5
+ 106
- 106
- 105
+ 105
+ d5
- d5
+ 106
- 106
- 105
+ 105
+ d5
- d5
+ 106
- 106
- 105
+ 105
+ d5
- d5
+ 106
- 106
- 105
+ 105
+ d5
- d5
+ 106
- 106
- 105
+ 105
+ d5
- d5
+ 106
- 106
- 105
+ 105
+ d5
- d5
+ 106
- 106
- 105
+ 105
+ d5
- d5
+ 106
- 106
- 105
+ 105
+ d5
- d5
+ 106
- 106
- 105
+ 105
+ d5
- d5
+ 106
- 106
- 105
+ 105
+ d5
- d5
+ 106
- 106
- 105
+ 105
+ d5
- d5
+ 106
- 106
- 105
+ 105
+ d5
- d5
+ 106
- 106
- 105
+ 105
+ d5
- d5
+ 106
- 106
- 105
+ 105
+ d5
- d5
+ 106
- 106
- 105
+ 105
+ d5
- d5
+ 106
- 106
- 105
+ 105
+ d5
- d5
+ 106
- 106
- 105
+ 105
+ d5
- d5
+ 106
- 106
- 105
+ 105
+ d5
- d5
+ 106
- 106
- 105
+ 105
+ d5
- d5
+ 106
- 106
- 105
+ 105
+ d5
- d5
+ 106
- 106
- 105
+ 105
+ d5
- d5
+ 106
- 106
- 105
+ 105
+ d5
- d5
+ 106
- 106
- 105
+ 105
+ d5
- d5
+ 106
- 106
- 105
+ 105
+ d5
- d5
+ 106
- 106
- 105
+ 105
+ d5
- d5
+ 106
- 106
- 105
+ 105
+ d5
- d5
+ 106
- 106
- 105
+ 105
+ d5
- d5
+ 106
- 106
- 105
+ 105
+ d5
- d5
+ 106
- 106
- 105
+ 105
+ d5
- d5
+ 106
- 106
- 105
+ 105
+ d5
- d5
+ 106
- 106
- 105
+ 105
+ d5
- d5
+ 106
- 106
- 105
+ 105
+ d5
- d5
+ 106
- 106
- 105
+ 105
+ d5
- d5
+ 106
- 106
- 105
+ 105
+ d5
- d5
+ 106
- 106
- 105
+ 105
+ d5
- d5
+ 106
- 106
- 105
+ 105
+ d5
- d5
+ 106
- 106
- 105
+ 105
+ d5
- d5
+ 106
- 106
- 105
+ 105
+ d5
- d5
@ 0 0 1
+ 106
- 106
- 105
+ 105
+ d5
- d5
+ 106
- 106
- 105
+ 105
+ d5
- d5
+ 106
- 106
- 105
+ 105
+ d5
- d5
+ 106
- 106
- 105
+ 105
+ d5
- d5
+ 106
- 106
- 105
+ 105
+ d5
- d5
+ 106
- 106
- 105
+ 105
+ d5
- d5
+ 106
- 106
- 105
+ 105
+ d5
- d5
+ 106
- 106
- 105
+ 105
+ d5
- d5
+ 106
- 106
- 105
+ 105
+ d5
- d5
+ 106
- 106
- 105
+ 105
+ d5
- d5
+ 106
- 106
- 105
+ 105
+ d5
- d5
+ 106
- 106
- 105
+ 105
+ d5
- d5
+ 106
- 106
- 105
+ 105
+ d5
- d5
+ 106
- 106
- 105
+ 105
+ d5
- d5
+ 106
- 106
- 105
+ 105
+ d5
- d5
+ 106
- 106
- 105
+ 105
+ d5
- d5
+ 106
- 106
- 105
+ 105
+ d5
- d5
+ 106
@ 1 0 0
- 106
- 105
+ 105
+ d5
- d5
+ 106
- 106
- 105
+ 105
+ d5
- d5
+ 106
- 106
- 105
+ 105
+ d5
- d5
+ 106
- 106
- 105
+ 105
+ d5
- d5
+ 106
- 106
- 105
+ 105
+ d5
- d5
+ 106
- 106
- 105
+ 105
+ d5
- d5
+ 106
- 106
- 105
+ 105
+ d5
- d5
+ 106
- 106
- 105
+ 105
+ d5
- d5
+ 106
- 106
- 105
+ 105
+ d5
- d5
+ 106
- 106
- 105
+ 105
+ d5
- d5
+ 106
- 106
- 105
+ 105
+ d5
- d5
+ 106
- 106
- 105
+ 105
+ d5
- d5
+ 106
- 106
- 105
+ 105
+ d5
- d5
+ 106
- 106
- 105
+ 105
+ d5
- d5
+ 106
- 106
- 105
+ 105
+ d5
- d5
+ 106
- 106
- 105
+ 105
+ d5
- d5
+ 106
- 106
- 105
+ 105
+ d5
- d5
+ 106
- 106
- 105
+ 105
+ d5
- d5
+ 106
- 106
- 105
+ 105
+ d5
- d5
+ 106
- 106
- 105
+ 105
+ d5
- d5
+ 106
- 106
- 105
+ 105
+ d5
- d5
+ 106
- 106
- 105
+ 105
+ d5
- d5
+ 106
- 106
- 105
+ 105
+ d5
- d5
+ 106
- 106
- 105
+ 105
+ d5
- d5
+ 106
- 106
- 105
+ 105
+ d5
- d5
+ 106
- 106
- 105
+ 105
+ d5
- d5
+ 106
- 106
- 105
+ 105
+ d5
- d5
+ 106
- 106
- 105
+ 105
+ d5
- d5
+ 106
- 106
- 105
+ 105
+ d5
- d5
+ 106
- 106
- 105
+ 105
+ d5
- d5
+ 106
- 106
- 105
+ 105
+ d5
- d5
+ 106
- 106
- 105
+ 105
+ d5
- d5
+ 106
- 106
- 105
+ 105
+ d5
- d5
+ 106
- 106
- 105
+ 105
+ d5
- d5
+ 106
- 106
- 105
+ 105
+ d5
- d5
+ 106
- 106
- 105
+ 105
+ d5
- d5
+ 106
- 106
- 105
+ 105
+ d5
- d5
+ 106
- 106
- 105
+ 105
+ d5
- d5
+ 106
- 106
- 105
+ 105
+ d5
- d5
+ 106
- 106
- 105
+ 105
+ d5
- d5
+ 106
- 106
- 105
+ 105
+ d5
- d5
+ 106
- 106
- 105
+ 105
+ d5
- d5
+ 106
- 106
- 105
+ 105
+ d5
- d5
+ 106
- 106
- 105
+ 105
+ d5
- d5
+ 106
- 106
- 105
+ 105
+ d5
- d5
+ 106
- 106
- 105
+ 105
+ d5
- d5
+ 106
- 106
- 105
+ 105
+ d5
- d5
+ 106
- 106
- 105
+ 105
+ d5
- d5
+ 106
- 106
- 105
+ 105
+ d5
- d5
+ 106
- 106
- 105
+ 105
+ d5
- d5
+ 106
- 106
- 105
+ 105
+ d5
- d5
+ 106
- 106
- 105
+ 105
+ d5
- d5
+ 106
- 106
- 105
+ 105
+ d5
- d5
+ 106
- 106
- 105
+ 105
+ d5
- d5
+ 106
- 106
- 105
+ 105
+ d5
- d5
+ 106
- 106
- 105
+ 105
+ d5
- d5
+ 106
- 106
- 105
+ 105
+ d5
- d5
+ 106
- 106
- 105
+ 105
+ d5
- d5
+ 106
- 106
- 105
+ 105
+ d5
- d5
+ 106
- 106
- 105
+ 105
+ d5
- d5
+ 106
- 106
- 105
+ 105
+ d5
- d5
+ 106
- 106
- 105
+ 105
+ d5
- d5
+ 106
- 106
- 105
+ 105
+ d5
- d5
+ 106
- 106
- 105
+ 105
+ d5
- d5
+ 106
- 106
- 105
+ 105
+ d5
- d5
+ 106
- 106
- 105
+ 105
+ d5
- d5
+ 106
- 106
- 105
+ 105
+ d5
- d5
+ 106
- 106
- 105
+ 105
+ d5
- d5
+ 106
- 106
- 105
+ 105
+ d5
- d5
+ 106
- 106
- 105
+ 105
+ d5
- d5
+ 106
- 106
- 105
+ 105
+ d5
- d5
+ 106
- 106
- 105
+ 105
+ d5
- d5
+ 106
- 106
- 105
+ 105
+ d5
- d5
+ 106
- 106
- 105
+ 105
+ d5
- d5
+ 106
- 106
- 105
+ 105
+ d5
- d5
+ 106
- 106
- 105
+ 105
+ d5
- d5
+ 106
- 106
- 105
+ 105
+ d5
- d5
+ 106
- 106
- 105
+ 105
+ d5
- d5
+ 106
- 106
- 105
+ 105
+ d5
- d5
+ 106
- 106
- 105
+ 105
+ d5
- d5
+ 106
- 106
- 105
+ 105
+ d5
- d5
+ 106
- 106
- 105
+ 105
+ d5
- d5
+ 106
- 106
- 105
+ 105
+ d5
- d5
+ 106
- 106
- 105
+ 105
+ d5
- d5
+ 106
- 106
- 105
+ 105
+ d5
- d5
+ 106
- 106
- 105
+ 105
+ d5
- d5
+ 106
- 106
- 105
+ 105
+ d5
- d5
+ 106
- 106
- 105
+ 105
+ d5
- d5
+ 106
- 106
- 105
+ 105
+ d5
- d5
+ 106
- 106
- 105
+ 105
+ d5
- d5
+ 106
- 106
- 105
+ 105
+ d5
- d5
+ 106
- 106
- 105
+ 105
+ d5
- d5
+ 106
- 106
- 105
+ 105
+ d5
- d5
+ 106
- 106
- 105
+ 105
+ d5
- d5
+ 106
- 106
- 105
+ 105
+ d5
- d5
+ 106
- 106
- 105
+ 105
+ d5
- d5
+ 106
- 106
- 105
+ 105
+ d5
- d5
+ 106
- 106
- 105
+ 105
+ d5
- d5
+ 106
- 106
- 105
+ 105
+ d5
- d5
+ 106
- 106
- 105
+ 105
+ d5
- d5
+ 106
- 106
- 105
+ 105
+ d5
- d5
+ 106
- 106
- 105
+ 105
+ d5
- d5
+ 106
- 106
- 105
+ 105
+ d5
- d5
+ 106
- 106
- 105
+ 105
+ d5
- d5
+ 106
- 106
- 105
+ 105
+ d5
- d5
+ 106
- 106
- 105
+ 105
+ d5
- d5
+ 106
- 106
- 105
+ 105
+ d5
- d5
+ 106
- 106
- 105
+ 105
+ d5
- d5
+ 106
- 106
- 105
+ 105
+ d5
- d5
+ 106
- 106
- 105
+ 105
+ d5
- d5
+ 106
- 106
- 105
+ 105
+ d5
- d5
+ 106
- 106
- 105
+ 105
+ d5
- d5
+ 106
- 106
- 105
+ 105
+ d5
- d5
+ 106
- 106
- 105
+ 105
+ d5
- d5
+ 106
- 106
- 105
+ 105
+ d5
- d5
+ 106
- 106
- 105
+ 105
+ d5
- d5
+ 106
- 106
- 105
+ 105
+ d5
- d5
+ 106
- 106
- 105
+ 105
+ d5
- d5
+ 106
- 106
- 105
+ 105
+ d5
- d5
+ 106
- 106
- 105
+ 105
+ d5
- d5
+ 106
- 106
- 105
+ 105
+ d5
- d5
+ 106
- 106
- 105
+ 105
+ d5
- d5
+ 106
- 106
- 105
+ 105
+ d5
- d5
+ 106
- 106
- 105
+ 105
+ d5
- d5
+ 106
- 106
- 105
+ 105
+ d5
- d5
+ 106
- 106
- 105
+ 105
+ d5
- d5
+ 106
- 106
- 105
+ 105
+ d5
- d5
+ 106
- 106
- 105
+ 105
+ d5
- d5
+ 106
- 106
- 105
+ 105
+ d5
- d5
+ 106
- 106
- 105
+ 105
+ d5
- d5
+ 106
- 106
- 105
+ 105
+ d5
- d5
+ 106
- 106
- 105
+ 105
+ d5
- d5
+ 106
- 106
- 105
+ 105
+ d5
- d5
+ 106
- 106
- 105
+ 105
+ d5
- d5
+ 106
- 106
- 105
+ 105
+ d5
- d5
+ 106
- 106
- 105
+ 105
+ d5
- d5
+ 106
- 106
- 105
+ 105
+ d5
- d5
+ 106
- 106
- 105
+ 105
+ d5
- d5
+ 106
- 106
- 105
+ 105
+ d5
- d5
+ 106
- 106
- 105
+ 105
+ d5
- d5
+ 106
- 106
- 105
+ 105
+ d5
- d5
+ 106
- 106
- 105
+ 105
+ d5
- d5
+ 106
- 106
- 105
+ 105
+ d5
- d5
+ 106
- 106
- 105
+ 105
+ d5
- d5
+ 106
- 106
- 105
+ 105
+ d5
- d5
+ 106
- 106
- 105
+ 105
+ d5
- d5
@ 0 0 1
+ 106
- 106
- 105
+ 105
+ d5
- d5
+ 106
- 106
- 105
+ 105
+ d5
- d5
+ 106
- 106
- 105
+ 105
+ d5
- d5
+ 106
- 106
- 105
+ 105
+ d5
- d5
+ 106
- 106
- 105
+ 105
+ d5
- d5
+ 106
- 106
- 105
+ 105
+ d5
- d5
+ 106
- 106
- 105
+ 105
+ d5
- d5
+ 106
- 106
- 105
+ 105
+ d5
- d5
+ 106
- 106
- 105
+ 105
+ d5
- d5
+ 106
- 106
- 105
+ 105
+ d5
- d5
+ 106
- 106
- 105
+ 105
+ d5
- d5
+ 106
- 106
- 105
+ 105
+ d5
- d5
+ 106
- 106
- 105
+ 105
+ d5
- d5
+ 106
- 106
- 105
+ 105
+ d5
- d5
+ 106
- 106
- 105
+ 105
+ d5
- d5
+ 106
- 106
- 105
+ 105
+ d5
- d5
+ 106
- 106
- 105
+ 105
@ 1 0 0
+ d5
- d5
+ 106
- 106
- 105
+ 105
+ d5
- d5
+ 106
- 106
- 105
+ 105
+ d5
- d5
+ 106
- 106
- 105
+ 105
+ d5
- d5
+ 106
- 106
- 105
+ 105
+ d5
- d5
+ 106
- 106
- 105
+ 105
+ d5
- d5
+ 106
- 106
- 105
+ 105
+ d5
- d5
+ 106
- 106
- 105
+ 105
+ d5
- d5
+ 106
- 106
- 105
+ 105
+ d5
- d5
+ 106
- 106
- 105
+ 105
+ d5
- d5
+ 106
- 106
- 105
+ 105
+ d5
- d5
+ 106
- 106
- 105
+ 105
+ d5
- d5
+ 106
- 106
- 105
+ 105
+ d5
- d5
+ 106
- 106
- 105
+ 105
+ d5
- d5
+ 106
- 106
- 105
+ 105
+ d5
- d5
+ 106
- 106
- 105
+ 105
+ d5
- d5
+ 106
- 106
- 105
+ 105
+ d5
- d5
+ 106
- 106
- 105
+ 105
+ d5
- d5
+ 106
- 106
- 105
+ 105
+ d5
- d5
+ 106
- 106
- 105
+ 105
+ d5
- d5
+ 106
- 106
- 105
+ 105
+ d5
- d5
+ 106
- 106
- 105
+ 105
+ d5
- d5
+ 106
- 106
- 105
+ 105
+ d5
- d5
+ 106
- 106
- 105
+ 105
+ d5
- d5
+ 106
- 106
- 105
+ 105
+ d5
- d5
+ 106
- 106
- 105
+ 105
+ d5
- d5
+ 106
- 106
- 105
+ 105
+ d5
- d5
+ 106
- 106
- 105
+ 105
+ d5
- d5
+ 106
- 106
- 105
+ 105
+ d5
- d5
+ 106
- 106
- 105
+ 105
+ d5
- d5
+ 106
- 106
- 105
+ 105
+ d5
- d5
+ 106
- 106
- 105
+ 105
+ d5
- d5
+ 106
- 106
- 105
+ 105
+ d5
- d5
+ 106
- 106
- 105
+ 105
+ d5
- d5
+ 106
- 106
- 105
+ 105
+ d5
- d5
+ 106
- 106
- 105
+ 105
+ d5
- d5
+ 106
- 106
- 105
+ 105
+ d5
- d5
+ 106
- 106
- 105
+ 105
+ d5
- d5
+ 106
- 106
- 105
+ 105
+ d5
- d5
+ 106
- 106
- 105
+ 105
+ d5
- d5
+ 106
- 106
- 105
+ 105
+ d5
- d5
+ 106
- 106
- 105
+ 105
+ d5
- d5
+ 106
- 106
- 105
+ 105
+ d5
- d5
+ 106
- 106
- 105
+ 105
+ d5
- d5
+ 106
- 106
- 105
+ 105
+ d5
- d5
+ 106
- 106
- 105
+ 105
+ d5
- d5
+ 106
- 106
- 105
+ 105
+ d5
- d5
+ 106
- 106
- 105
+ 105
+ d5
- d5
+ 106
- 106
- 105
+ 105
+ d5
- d5
+ 106
- 106
- 105
+ 105
+ d5
- d5
+ 106
- 106
- 105
+ 105
+ d5
- d5
+ 106
- 106
- 105
+ 105
+ d5
- d5
+ 106
- 106
- 105
+ 105
+ d5
- d5
+ 106
- 106
- 105
+ 105
+ d5
- d5
+ 106
- 106
- 105
+ 105
+ d5
- d5
+ 106
- 106
- 105
+ 105
+ d5
- d5
+ 106
- 106
- 105
+ 105
+ d5
- d5
+ 106
- 106
- 105
+ 105
+ d5
- d5
+ 106
- 106
- 105
+ 105
+ d5
- d5
+ 106
- 106
- 105
+ 105
+ d5
- d5
+ 106
- 106
- 105
+ 105
+ d5
- d5
+ 106
- 106
- 105
+ 105
+ d5
- d5
+ 106
- 106
- 105
+ 105
+ d5
- d5
+ 106
- 106
- 105
+ 105
+ d5
- d5
+ 106
- 106
- 105
+ 105
+ d5
- d5
+ 106
- 106
- 105
+ 105
+ d5
- d5
+ 106
- 106
- 105
+ 105
+ d5
- d5
+ 106
- 106
- 105
+ 105
+ d5
- d5
+ 106
- 106
- 105
+ 105
+ d5
- d5
+ 106
- 106
- 105
+ 105
+ d5
- d5
+ 106
- 106
- 105
+ 105
+ d5
- d5
+ 106
- 106
- 105
+ 105
+ d5
- d5
+ 106
- 106
- 105
+ 105
+ d5
- d5
+ 106
- 106
- 105
+ 105
+ d5
- d5
+ 106
- 106
- 105
+ 105
+ d5
- d5
+ 106
- 106
- 105
+ 105
+ d5
- d5
+ 106
- 106
- 105
+ 105
+ d5
- d5
+ 106
- 106
- 105
+ 105
+ d5
- d5
+ 106
- 106
- 105
+ 105
+ d5
- d5
+ 106
- 106
- 105
+ 105
+ d5
- d5
+ 106
- 106
- 105
+ 105
+ d5
- d5
+ 106
- 106
- 105
+ 105
+ d5
- d5
+ 106
- 106
- 105
+ 105
+ d5
- d5
+ 106
- 106
- 105
+ 105
+ d5
- d5
+ 106
- 106
- 105
+ 105
+ d5
- d5
+ 106
- 106
- 105
+ 105
+ d5
- d5
+ 106
- 106
- 105
+ 105
+ d5
- d5
+ 106
- 106
- 105
+ 105
+ d5
- d5
+ 106
- 106
- 105
+ 105
+ d5
- d5
+ 106
- 106
- 105
+ 105
+ d5
- d5
+ 106
- 106
- 105
+ 105
+ d5
- d5
+ 106
- 106
- 105
+ 105
+ d5
- d5
+ 106
- 106
- 105
+ 105
+ d5
- d5
+ 106
- 106
- 105
+ 105
+ d5
- d5
+ 106
- 106
- 105
+ 105
+ d5
- d5
+ 106
- 106
- 105
+ 105
+ d5
- d5
+ 106
- 106
- 105
+ 105
+ d5
- d5
+ 106
- 106
- 105
+ 105
+ d5
- d5
+ 106
- 106
- 105
+ 105
+ d5
- d5
+ 106
- 106
- 105
+ 105
+ d5
- d5
+ 106
- 106
- 105
+ 105
+ d5
- d5
+ 106
- 106
- 105
+ 105
+ d5
- d5
+ 106
- 106
- 105
+ 105
+ d5
- d5
+ 106
- 106
- 105
+ 105
+ d5
- d5
+ 106
- 106
- 105
+ 105
+ d5
- d5
+ 106
- 106
- 105
+ 105
+ d5
- d5
+ 106
- 106
- 105
+ 105
+ d5
- d5
+ 106
- 106
- 105
+ 105
+ d5
- d5
+ 106
- 106
- 105
+ 105
+ d5
- d5
+ 106
- 106
- 105
+ 105
+ d5
- d5
+ 106
- 106
- 105
+ 105
+ d5
- d5
+ 106
- 106
- 105
+ 105
+ d5
- d5
+ 106
- 106
- 105
+ 105
+ d5
- d5
+ 106
- 106
- 105
+ 105
+ d5
- d5
+ 106
- 106
- 105
+ 105
+ d5
- d5
+ 106
- 106
- 105
+ 105
+ d5
- d5
+ 106
- 106
- 105
+ 105
+ d5
- d5
+ 106
- 106
- 105
+ 105
+ d5
- d5
+ 106
- 106
- 105
+ 105
+ d5
- d5
+ 106
- 106
- 105
+ 105
+ d5
- d5
+ 106
- 106
- 105
+ 105
+ d5
- d5
+ 106
- 106
- 105
+ 105
+ d5
- d5
+ 106
- 106
- 105
+ 105
+ d5
- d5
+ 106
- 106
- 105
+ 105
+ d5
- d5
+ 106
- 106
- 105
+ 105
+ d5
- d5
+ 106
- 106
- 105
+ 105
+ d5
- d5
+ 106
- 106
- 105
+ 105
+ d5
- d5
+ 106
- 106
- 105
+ 105
+ d5
- d5
+ 106
- 106
- 105
+ 105
+ d5
- d5
+ 106
- 106
- 105
+ 105
+ d5
- d5
+ 106
- 106
- 105
+ 105
+ d5
- d5
+ 106
- 106
- 105
+ 105
+ d5
- d5
+ 106
- 106
- 105
+ 105
+ d5
- d5
+ 106
- 106
- 105
+ 105
+ d5
- d5
+ 106
- 106
- 105
+ 105
+ d5
- d5
+ 106
- 106
- 105
+ 105
+ d5
- d5
+ 106
- 106
- 105
+ 105
+ d5
- d5
+ 106
- 106
- 105
+ 105
+ d5
- d5
+ 106
- 106
- 105
+ 105
+ d5
- d5
+ 106
- 106
- 105
+ 105
+ d5
- d5
+ 106
- 106
- 105
+ 105
+ d5
- d5
+ 106
- 106
- 105
+ 105
+ d5
- d5
+ 106
- 106
- 105
+ 105
+ d5
- d5
+ 106
- 106
- 105
+ 105
+ d5
- d5
+ 106
- 106
- 105
+ 105
+ d5
- d5
+ 106
- 106
- 105
+ 105
+ d5
- d5
+ 106
- 106
- 105
@ 0 0 1
+ 105
+ d5
- d5
+ 106
- 106
- 105
+ 105
+ d5
- d5
+ 106
- 106
- 105
+ 105
+ d5
- d5
+ 106
- 106
- 105
+ 105
+ d5
- d5
+ 106
- 106
- 105
+ 105
+ d5
- d5
+ 106
- 106
- 105
+ 105
+ d5
- d5
+ 106
- 106
- 105
+ 105
+ d5
- d5
+ 106
- 106
- 105
+ 105
+ d5
- d5
+ 106
- 106
- 105
+ 105
+ d5
- d5
+ 106
- 106
- 105
+ 105
+ d5
- d5
+ 106
- 106
- 105
+ 105
+ d5
- d5
+ 106
- 106
- 105
+ 105
+ d5
- d5
+ 106
- 106
- 105
+ 105
+ d5
- d5
+ 106
- 106
- 105
+ 105
+ d5
- d5
+ 106
- 106
- 105
+ 105
+ d5
- d5
+ 106
- 106
- 105
+ 105
+ d5
- d5
+ 106
- 106
- 105
+ 105
+ d5
- d5
+ 106
- 106
@ 1 0 0
- 105
+ 105
+ d5
- d5
+ 106
- 106
- 105
+ 105
+ d5
- d5
+ 106
- 106
- 105
+ 105
+ d5
- d5
+ 106
- 106
- 105
+ 105
+ d5
- d5
+ 106
- 106
- 105
+ 105
+ d5
- d5
+ 106
- 106
- 105
+ 105
+ d5
- d5
+ 106
- 106
- 105
+ 105
+ d5
- d5
+ 106
- 106
- 105
+ 105
+ d5
- d5
+ 106
- 106
- 105
+ 105
+ d5
- d5
+ 106
- 106
- 105
+ 105
+ d5
- d5
+ 106
- 106
- 105
+ 105
+ d5
- d5
+ 106
- 106
- 105
+ 105
+ d5
- d5
+ 106
- 106
- 105
+ 105
+ d5
- d5
+ 106
- 106
- 105
+ 105
+ d5
- d5
+ 106
- 106
- 105
+ 105
+ d5
- d5
+ 106
- 106
- 105
+ 105
+ d5
- d5
+ 106
- 106
- 105
+ 105
+ d5
- d5
+ 106
- 106
- 105
+ 105
+ d5
- d5
+ 106
- 106
- 105
+ 105
+ d5
- d5
+ 106
- 106
- 105
+ 105
+ d5
- d5
+ 106
- 106
- 105
+ 105
+ d5
- d5
+ 106
- 106
- 105
+ 105
+ d5
- d5
+ 106
- 106
- 105
+ 105
+ d5
- d5
+ 106
- 106
- 105
+ 105
+ d5
- d5
+ 106
- 106
- 105
+ 105
+ d5
- d5
+ 106
- 106
- 105
+ 105
+ d5
- d5
+ 106
- 106
- 105
+ 105
+ d5
- d5
+ 106
- 106
- 105
+ 105
+ d5
- d5
+ 106
- 106
- 105
+ 105
+ d5
- d5
+ 106
- 106
- 105
+ 105
+ d5
- d5
+ 106
- 106
- 105
+ 105
+ d5
- d5
+ 106
- 106
- 105
+ 105
+ d5
- d5
+ 106
- 106
- 105
+ 105
+ d5
- d5
+ 106
- 106
- 105
+ 105
+ d5
- d5
+ 106
- 106
- 105
+ 105
+ d5
- d5
+ 106
- 106
- 105
+ 105
+ d5
- d5
+ 106
- 106
- 105
+ 105
+ d5
- d5
+ 106
- 106
- 105
+ 105
+ d5
- d5
+ 106
- 106
- 105
+ 105
+ d5
- d5
+ 106
- 106
- 105
+ 105
+ d5
- d5
+ 106
- 106
- 105
+ 105
+ d5
- d5
+ 106
- 106
- 105
+ 105
+ d5
- d5
+ 106
- 106
- 105
+ 105
+ d5
- d5
+ 106
- 106
- 105
+ 105
+ d5
- d5
+ 106
- 106
- 105
+ 105
+ d5
- d5
+ 106
- 106
- 105
+ 105
+ d5
- d5
+ 106
- 106
- 105
+ 105
+ d5
- d5
+ 106
- 106
- 105
+ 105
+ d5
- d5
+ 106
- 106
- 105
+ 105
+ d5
- d5
+ 106
- 106
- 105
+ 105
+ d5
- d5
+ 106
- 106
- 105
+ 105
+ d5
- d5
+ 106
- 106
- 105
+ 105
+ d5
- d5
+ 106
- 106
- 105
+ 105
+ d5
- d5
+ 106
- 106
- 105
+ 105
+ d5
- d5
+ 106
- 106
- 105
+ 105
+ d5
- d5
+ 106
- 106
- 105
+ 105
+ d5
- d5
+ 106
- 106
- 105
+ 105
+ d5
- d5
+ 106
- 106
- 105
+ 105
+ d5
- d5
+ 106
- 106
- 105
+ 105
+ d5
- d5
+ 106
- 106
- 105
+ 105
+ d5
- d5
+ 106
- 106
- 105
+ 105
+ d5
- d5
+ 106
- 106
- 105
+ 105
+ d5
- d5
+ 106
- 106
- 105
+ 105
+ d5
- d5
+ 106
- 106
- 105
+ 105
+ d5
- d5
+ 106
- 106
- 105
+ 105
+ d5
- d5
+ 106
- 106
- 105
+ 105
+ d5
- d5
+ 106
- 106
- 105
+ 105
+ d5
- d5
+ 106
- 106
- 105
+ 105
+ d5
- d5
+ 106
- 106
- 105
+ 105
+ d5
- d5
+ 106
- 106
- 105
+ 105
+ d5
- d5
+ 106
- 106
- 105
+ 105
+ d5
- d5
+ 106
- 106
- 105
+ 105
+ d5
- d5
+ 106
- 106
- 105
+ 105
+ d5
- d5
+ 106
- 106
- 105
+ 105
+ d5
- d5
+ 106
- 106
- 105
+ 105
+ d5
- d5
+ 106
- 106
- 105
+ 105
+ d5
- d5
+ 106
- 106
- 105
+ 105
+ d5
- d5
+ 106
- 106
- 105
+ 105
+ d5
- d5
+ 106
- 106
- 105
+ 105
+ d5
- d5
+ 106
- 106
- 105
+ 105
+ d5
- d5
+ 106
- 106
- 105
+ 105
+ d5
- d5
+ 106
- 106
- 105
+ 105
+ d5
- d5
+ 106
- 106
- 105
+ 105
+ d5
- d5
+ 106
- 106
- 105
+ 105
+ d5
- d5
+ 106
- 106
- 105
+ 105
+ d5
- d5
+ 106
- 106
- 105
+ 105
+ d5
- d5
+ 106
- 106
- 105
+ 105
+ d5
- d5
+ 106
- 106
- 105
+ 105
+ d5
- d5
+ 106
- 106
- 105
+ 105
+ d5
- d5
+ 106
- 106
- 105
+ 105
+ d5
- d5
+ 106
- 106
- 105
+ 105
+ d5
- d5
+ 106
- 106
- 105
+ 105
+ d5
- d5
+ 106
- 106
- 105
+ 105
+ d5
- d5
+ 106
- 106
- 105
+ 105
+ d5
- d5
+ 106
- 106
- 105
+ 105
+ d5
- d5
+ 106
- 106
- 105
+ 105
+ d5
- d5
+ 106
- 106
- 105
+ 105
+ d5
- d5
+ 106
- 106
- 105
+ 105
+ d5
- d5
+ 106
- 106
- 105
+ 105
+ d5
- d5
+ 106
- 106
- 105
+ 105
+ d5
- d5
+ 106
- 106
- 105
+ 105
+ d5
- d5
+ 106
- 106
- 105
+ 105
+ d5
- d5
+ 106
- 106
- 105
+ 105
+ d5
- d5
+ 106
- 106
- 105
+ 105
+ d5
- d5
+ 106
- 106
- 105
+ 105
+ d5
- d5
+ 106
- 106
- 105
+ 105
+ d5
- d5
+ 106
- 106
- 105
+ 105
+ d5
- d5
+ 106
- 106
- 105
+ 105
+ d5
- d5
+ 106
- 106
- 105
+ 105
+ d5
- d5
+ 106
- 106
- 105
+ 105
+ d5
- d5
+ 106
- 106
- 105
+ 105
+ d5
- d5
+ 106
- 106
- 105
+ 105
+ d5
- d5
+ 106
- 106
- 105
+ 105
+ d5
- d5
+ 106
- 106
- 105
+ 105
+ d5
- d5
+ 106
- 106
- 105
+ 105
+ d5
- d5
+ 106
- 106
- 105
+ 105
+ d5
- d5
+ 106
- 106
- 105
+ 105
+ d5
- d5
+ 106
- 106
- 105
+ 105
+ d5
- d5
+ 106
- 106
- 105
+ 105
+ d5
- d5
+ 106
- 106
- 105
+ 105
+ d5
- d5
+ 106
- 106
- 105
+ 105
+ d5
- d5
+ 106
- 106
- 105
+ 105
+ d5
- d5
+ 106
- 106
- 105
+ 105
+ d5
- d5
+ 106
- 106
- 105
+ 105
+ d5
- d5
+ 106
- 106
- 105
+ 105
+ d5
- d5
+ 106
- 106
- 105
+ 105
+ d5
- d5
+ 106
- 106
- 105
+ 105
+ d5
- d5
+ 106
- 106
- 105
+ 105
+ d5
- d5
+ 106
- 106
- 105
+ 105
+ d5
- d5
+ 106
- 106
- 105
+ 105
+ d5
- d5
+ 106
- 106
- 105
+ 105
+ d5
- d5
+ 106
- 106
- 105
+ 105
+ d5
- d5
+ 106
- 106
- 105
+ 105
+ d5
- d5
+ 106
- 106
- 105
+ 105
+ d5
- d5
+ 106
- 106
- 105
+ 105
+ d5
- d5
+ 106
- 106
- 105
+ 105
+ d5
- d5
+ 106
- 106
- 105
+ 105
+ d5
- d5
+ 106
- 106
- 105
+ 105
+ d5
- d5
+ 106
- 106
- 105
+ 105
+ d5
- d5
+ 106
- 106
- 105
+ 105
+ d5
- d5
+ 106
- 106
- 105
+ 105
+ d5
- d5
+ 106
- 106
- 105
+ 105
+ d5
- d5
+ 106
- 106
- 105
+ 105
+ d5
- d5
+ 106
- 106
- 105
+ 105
+ d5
- d5
+ 106
- 106
- 105
+ 105
@ 0 0 1
+ d5
- d5
+ 106
- 106
- 105
+ 105
+ d5
- d5
+ 106
- 106
- 105
+ 105
+ d5
- d5
+ 106
- 106
- 105
+ 105
+ d5
- d5
+ 106
- 106
- 105
+ 105
+ d5
- d5
+ 106
- 106
- 105
+ 105
+ d5
- d5
+ 106
- 106
- 105
+ 105
+ d5
- d5
+ 106
- 106
- 105
+ 105
+ d5
- d5
+ 106
- 106
- 105
+ 105
+ d5
- d5
+ 106
- 106
- 105
+ 105
+ d5
- d5
+ 106
- 106
- 105
+ 105
+ d5
- d5
+ 106
- 106
- 105
+ 105
+ d5
- d5
+ 106
- 106
- 105
+ 105
+ d5
- d5
+ 106
- 106
- 105
+ 105
+ d5
- d5
+ 106
- 106
- 105
+ 105
+ d5
- d5
+ 106
- 106
- 105
+ 105
+ d5
- d5
+ 106
- 106
- 105
+ 105
+ d5
- d5
+ 106
- 106
- 105
@ 1 0 0
+ 105
+ d5
- d5
+ 106
- 106
- 105
+ 105
+ d5
- d5
+ 106
- 106
- 105
+ 105
+ d5
- d5
+ 106
- 106
- 105
+ 105
+ d5
- d5
+ 106
- 106
- 105
+ 105
+ d5
- d5
+ 106
- 106
- 105
+ 105
+ d5
- d5
+ 106
- 106
- 105
+ 105
+ d5
- d5
+ 106
- 106
- 105
+ 105
+ d5
- d5
+ 106
- 106
- 105
+ 105
+ d5
- d5
+ 106
- 106
- 105
+ 105
+ d5
- d5
+ 106
- 106
- 105
+ 105
+ d5
- d5
+ 106
- 106
- 105
+ 105
+ d5
- d5
+ 106
- 106
- 105
+ 105
+ d5
- d5
+ 106
- 106
- 105
+ 105
+ d5
- d5
+ 106
- 106
- 105
+ 105
+ d5
- d5
+ 106
- 106
- 105
+ 105
+ d5
- d5
+ 106
- 106
- 105
+ 105
+ d5
- d5
+ 106
- 106
- 105
+ 105
+ d5
- d5
+ 106
- 106
- 105
+ 105
+ d5
- d5
+ 106
- 106
- 105
+ 105
+ d5
- d5
+ 106
- 106
- 105
+ 105
+ d5
- d5
+ 106
- 106
- 105
+ 105
+ d5
- d5
+ 106
- 106
- 105
+ 105
+ d5
- d5
+ 106
- 106
- 105
+ 105
+ d5
- d5
+ 106
- 106
- 105
+ 105
+ d5
- d5
+ 106
- 106
- 105
+ 105
+ d5
- d5
+ 106
- 106
- 105
& 107 DBI::st finish
+ 107
- 107
& 108 DBI::common DESTROY
+ 108
- 108
+ 108
- 108
& 109 DBD::_mem::common DESTROY
+ 109
- 109
- ff
& 10a SiteCommon get_firms
+ 10a
+ 100
+ 101
+ 102
+ cd
- cd
- 102
+ 103
- 103
- 101
- 100
+ 104
- 104
+ 105
+ d5
- d5
+ 106
- 106
- 105
+ 105
+ d5
- d5
+ 106
- 106
- 105
+ 105
+ d5
- d5
+ 106
- 106
- 105
+ 105
+ d5
- d5
+ 106
- 106
- 105
+ 105
+ d5
- d5
+ 106
- 106
- 105
+ 105
+ d5
- d5
+ 106
- 106
- 105
+ 105
+ d5
- d5
+ 106
- 106
- 105
+ 105
+ d5
- d5
+ 106
- 106
- 105
+ 105
+ d5
- d5
+ 106
- 106
- 105
+ 105
+ d5
- d5
+ 106
- 106
- 105
+ 105
+ d5
- d5
+ 106
- 106
- 105
+ 105
+ d5
- d5
+ 106
- 106
- 105
+ 105
+ d5
- d5
+ 106
- 106
- 105
+ 105
+ d5
- d5
+ 106
- 106
- 105
+ 105
+ d5
- d5
+ 106
- 106
- 105
+ 105
+ d5
- d5
+ 106
- 106
- 105
+ 105
+ d5
- d5
+ 106
- 106
- 105
+ 105
+ d5
- d5
+ 106
- 106
- 105
+ 105
+ d5
- d5
+ 106
- 106
- 105
+ 105
+ d5
- d5
+ 106
- 106
- 105
+ 105
+ d5
- d5
+ 106
- 106
- 105
+ 105
+ d5
- d5
+ 106
- 106
- 105
+ 105
+ d5
- d5
+ 106
- 106
- 105
+ 105
+ d5
- d5
+ 106
- 106
- 105
+ 105
+ d5
- d5
+ 106
- 106
- 105
+ 105
+ d5
- d5
+ 106
- 106
- 105
+ 105
+ d5
- d5
+ 106
- 106
- 105
+ 105
+ d5
- d5
+ 106
- 106
- 105
+ 105
+ d5
- d5
+ 106
- 106
- 105
+ 105
+ d5
- d5
+ 106
- 106
- 105
+ 105
+ d5
- d5
+ 106
- 106
- 105
+ 105
+ d5
- d5
+ 106
- 106
- 105
+ 105
+ d5
- d5
+ 106
- 106
- 105
+ 105
+ d5
- d5
+ 106
- 106
- 105
+ 105
+ d5
- d5
+ 106
- 106
- 105
+ 105
+ d5
- d5
+ 106
- 106
- 105
+ 105
+ d5
- d5
+ 106
- 106
- 105
+ 105
+ d5
- d5
+ 106
- 106
- 105
+ 105
+ d5
- d5
+ 106
- 106
- 105
+ 105
+ d5
- d5
+ 106
- 106
- 105
+ 105
+ d5
- d5
+ 106
- 106
- 105
+ 105
+ d5
- d5
+ 106
- 106
- 105
+ 105
+ d5
- d5
+ 106
- 106
- 105
+ 105
+ d5
- d5
+ 106
- 106
- 105
+ 105
+ d5
- d5
+ 106
- 106
- 105
+ 105
+ d5
- d5
+ 106
- 106
- 105
+ 105
+ d5
- d5
+ 106
- 106
- 105
+ 105
+ d5
- d5
+ 106
- 106
- 105
+ 105
+ d5
- d5
+ 106
- 106
- 105
+ 105
+ d5
- d5
+ 106
- 106
- 105
+ 105
+ d5
- d5
+ 106
- 106
- 105
+ 105
+ d5
- d5
+ 106
- 106
- 105
+ 105
+ d5
- d5
+ 106
- 106
- 105
+ 105
+ d5
- d5
+ 106
- 106
- 105
+ 105
+ d5
- d5
+ 106
- 106
- 105
+ 105
+ d5
+ & Devel::DProf::write
@ 1 0 1
- & Devel::DProf::write
- d5
+ 106
- 106
- 105
+ 105
+ d5
- d5
+ 106
- 106
- 105
+ 105
+ d5
- d5
+ 106
- 106
- 105
+ 105
+ d5
- d5
+ 106
- 106
- 105
+ 105
+ d5
- d5
+ 106
- 106
- 105
+ 105
+ d5
- d5
+ 106
- 106
- 105
+ 105
+ d5
- d5
+ 106
- 106
- 105
+ 105
+ d5
- d5
+ 106
- 106
- 105
+ 105
+ d5
- d5
+ 106
- 106
- 105
+ 105
+ d5
- d5
+ 106
- 106
- 105
+ 105
+ d5
- d5
+ 106
- 106
- 105
+ 105
+ d5
- d5
+ 106
- 106
- 105
+ 105
+ d5
- d5
+ 106
- 106
- 105
+ 105
+ d5
- d5
+ 106
- 106
- 105
+ 105
+ d5
- d5
+ 106
- 106
- 105
+ 105
+ d5
- d5
+ 106
- 106
- 105
+ 105
+ d5
- d5
+ 106
- 106
- 105
+ 105
+ d5
- d5
+ 106
- 106
- 105
+ 105
+ d5
- d5
+ 106
- 106
- 105
+ 105
+ d5
- d5
+ 106
- 106
- 105
+ 105
+ d5
- d5
+ 106
- 106
- 105
+ 105
+ d5
- d5
+ 106
- 106
- 105
+ 105
+ d5
- d5
+ 106
- 106
- 105
+ 105
+ d5
- d5
+ 106
- 106
- 105
+ 105
+ d5
- d5
+ 106
- 106
- 105
+ 105
+ d5
- d5
+ 106
- 106
- 105
+ 105
+ d5
- d5
+ 106
- 106
- 105
+ 105
+ d5
- d5
+ 106
- 106
- 105
+ 105
+ d5
- d5
+ 106
- 106
- 105
+ 105
+ d5
- d5
+ 106
- 106
- 105
+ 105
+ d5
- d5
+ 106
- 106
- 105
+ 105
+ d5
- d5
+ 106
- 106
- 105
+ 105
+ d5
- d5
+ 106
- 106
- 105
+ 105
+ d5
- d5
+ 106
- 106
- 105
+ 105
+ d5
- d5
+ 106
- 106
- 105
+ 105
+ d5
- d5
+ 106
- 106
- 105
+ 105
+ d5
- d5
+ 106
- 106
- 105
+ 105
+ d5
- d5
+ 106
- 106
- 105
+ 105
+ d5
- d5
+ 106
- 106
- 105
+ 105
+ d5
- d5
+ 106
- 106
- 105
+ 105
+ d5
- d5
+ 106
- 106
- 105
+ 105
+ d5
- d5
+ 106
- 106
- 105
+ 105
+ d5
- d5
+ 106
- 106
- 105
+ 105
+ d5
- d5
+ 106
- 106
- 105
+ 105
+ d5
- d5
+ 106
- 106
- 105
+ 105
+ d5
- d5
+ 106
- 106
- 105
+ 105
+ d5
- d5
+ 106
- 106
- 105
+ 105
+ d5
- d5
+ 106
- 106
- 105
+ 105
+ d5
- d5
+ 106
- 106
- 105
+ 105
+ d5
- d5
+ 106
- 106
- 105
+ 105
+ d5
- d5
+ 106
- 106
- 105
+ 105
+ d5
- d5
+ 106
- 106
- 105
+ 105
+ d5
- d5
+ 106
- 106
- 105
+ 105
+ d5
- d5
+ 106
- 106
- 105
+ 105
+ d5
- d5
+ 106
- 106
- 105
+ 105
+ d5
- d5
+ 106
- 106
- 105
+ 105
+ d5
- d5
+ 106
- 106
- 105
+ 105
+ d5
- d5
+ 106
- 106
- 105
+ 105
+ d5
- d5
+ 106
- 106
- 105
+ 105
+ d5
- d5
+ 106
- 106
- 105
+ 105
+ d5
- d5
+ 106
@ 0 0 1
- 106
- 105
+ 105
+ d5
- d5
+ 106
- 106
- 105
+ 105
+ d5
- d5
+ 106
- 106
- 105
+ 105
+ d5
- d5
+ 106
- 106
- 105
+ 105
+ d5
- d5
+ 106
- 106
- 105
+ 105
+ d5
- d5
+ 106
- 106
- 105
+ 105
+ d5
- d5
+ 106
- 106
- 105
+ 105
+ d5
- d5
+ 106
- 106
- 105
+ 105
+ d5
- d5
+ 106
- 106
- 105
+ 105
+ d5
- d5
+ 106
- 106
- 105
+ 105
+ d5
- d5
+ 106
- 106
- 105
+ 105
+ d5
- d5
+ 106
- 106
- 105
+ 105
+ d5
- d5
+ 106
- 106
- 105
+ 105
+ d5
- d5
+ 106
- 106
- 105
+ 105
+ d5
- d5
+ 106
- 106
- 105
+ 105
+ d5
- d5
+ 106
- 106
- 105
+ 105
+ d5
- d5
+ 106
- 106
- 105
+ 105
+ d5
- d5
+ 106
- 106
- 105
+ 105
+ d5
- d5
+ 106
- 106
- 105
+ 105
+ d5
- d5
+ 106
- 106
- 105
+ 105
+ d5
- d5
+ 106
- 106
- 105
+ 105
+ d5
- d5
+ 106
- 106
- 105
+ 105
+ d5
- d5
+ 106
- 106
- 105
+ 105
+ d5
- d5
+ 106
- 106
- 105
+ 105
+ d5
- d5
+ 106
- 106
- 105
+ 105
+ d5
- d5
+ 106
- 106
- 105
+ 105
+ d5
- d5
+ 106
- 106
- 105
+ 105
+ d5
- d5
+ 106
- 106
- 105
+ 105
+ d5
- d5
+ 106
- 106
- 105
+ 105
+ d5
- d5
+ 106
- 106
- 105
+ 105
+ d5
- d5
+ 106
- 106
- 105
+ 105
+ d5
- d5
+ 106
- 106
- 105
+ 105
+ d5
- d5
+ 106
- 106
- 105
+ 107
- 107
+ 108
- 108
+ 108
- 108
+ 109
- 109
- 10a
& 10b CGI::Application header_add
+ 10b
& 10c CGI::Application _header_props_update
+ 10c
+ e2
- e2
- 10c
- 10b
+ e3
- e3
- e8
- e6
& 10d Oper::Ajax setup
+ 10d
@ 0 1 0
& 10e CGI::Application run_modes
+ 10e
- 10e
- 10d
- e1
& 10f CGI::Application run
+ 10f
+ e9
- e9
+ e3
- e3
+ f9
+ f5
- f5
- f9
+ e4
- e4
+ e6
& 110 CGIBase cgiapp_prerun
+ 110
+ e9
- e9
+ f6
+ f7
- f7
& 111 CGI cookie
* 111
+ f5
- f5
+ fb
- fb
& 112 CGI::Cookie BEGIN
+ 112
+ 4
- 4
- 112
+ 112
& 113 CGI import
+ 113
& 114 CGI _setup_symbols
+ 114
- 114
- 113
- 112
+ 112
+ 73
+ 74
- 74
- 73
- 112
& 115 CGI::Cookie fetch
+ 115
& 116 CGI::Cookie get_raw_cookie
+ 116
- 116
- 115
- f6
+ e9
- e9
+ f9
+ f5
- f5
- f9
& 117 CGIBase init_flag
+ 117
- 117
& 118 CGIBase get_user_by_session
+ 118
& 119 DBI::db selectrow_array
+ 119
+ 100
+ 101
+ 102
+ cd
- cd
- 102
+ 103
- 103
- 101
- 100
- 119
+ 108
- 108
+ 108
- 108
+ 109
- 109
+ e9
- e9
+ 111
+ f5
- f5
+ fb
- fb
+ 115
+ 116
- 116
- 115
- 111
+ 119
+ 100
+ 101
+ 102
+ cd
- cd
- 102
+ 103
- 103
- 101
- 100
- 119
+ 108
- 108
+ 108
- 108
+ 109
- 109
- 118
+ 10e
- 10e
& 11a Oper::Ajax get_right
+ 11a
- 11a
& 11b Rights get_rights
+ 11b
+ 119
+ 100
+ 101
+ 102
+ cd
- cd
- 102
+ 103
- 103
- 101
- 100
- 119
& 11c SiteCommon set2hash
+ 11c
- 11c
+ 108
- 108
+ 108
- 108
+ 109
- 109
- 11b
+ e9
- e9
+ f9
+ f5
- f5
- f9
+ e9
- e9
+ f9
+ f5
- f5
- f9
& 11d CGI::Application prerun_mode
+ 11d
- 11d
- 110
- e6
+ 11d
- 11d
+ 10e
- 10e
& 11e CGIBase login
+ 11e
& 11f CGIBase load_tmpl
+ 11f
+ 119
+ 100
+ 101
+ 102
+ cd
- cd
- 102
+ 103
- 103
- 101
- 100
- 119
+ 108
- 108
+ 108
- 108
+ 109
- 109
+ 119
+ 100
+ 101
+ 102
+ cd
- cd
- 102
+ 103
- 103
- 101
- 100
- 119
+ 108
- 108
+ 108
- 108
+ 109
- 109
& 120 DBI::db selectall_arrayref
+ 120
+ 100
+ 101
+ 102
+ cd
- cd
- 102
+ 103
- 103
- 101
- 100
- 120
+ 108
- 108
+ 108
- 108
+ 109
- 109
& 121 CGIBase get_head_rates
+ 121
& 122 DBI::db selectrow_hashref
+ 122
& 123 DBD::_::db selectrow_hashref
+ 123
& 124 DBD::_::db _do_selectrow
+ 124
+ 100
@ 0 0 1
+ 101
+ 102
+ cd
- cd
- 102
+ 103
- 103
- 101
- 100
+ 104
- 104
+ 105
+ d5
- d5
+ 106
- 106
- 105
+ 107
- 107
+ 108
- 108
+ 108
- 108
+ 109
- 109
- 124
- 123
- 122
- 121
& 125 Template::Base new
+ 125
+ 2d
- 2d
& 126 Template _init
+ 126
& 127 Template::Config service
+ 127
+ 2d
- 2d
& 128 Template::Config load
+ 128
- 128
+ 125
+ 2d
- 2d
& 129 Template::Service _init
+ 129
& 12a Template::Config context
+ 12a
+ 2d
- 2d
+ 128
& 12b Template::Context BEGIN
+ 12b
+ 8
- 8
- 12b
@ 1 0 0
+ 12b
+ 31
- 31
- 12b
+ 12b
+ 2c
+ 2d
- 2d
+ 2e
- 2e
+ 33
- 33
+ 34
- 34
- 2c
- 12b
+ 12b
- 12b
+ 12b
- 12b
+ 12b
+ 4
- 4
- 12b
+ 12b
- 12b
- 128
+ 125
+ 2d
- 2d
& 12c Template::Context _init
+ 12c
& 12d Template::Config provider
+ 12d
+ 2d
- 2d
+ 128
- 128
+ 125
+ 2d
- 2d
& 12e Template::Provider _init
+ 12e
& 12f File::Spec::Unix catfile
+ 12f
& 130 File::Spec::Unix canonpath
+ 130
- 130
& 131 File::Spec::Unix catdir
+ 131
+ 130
- 130
- 131
- 12f
- 12e
- 125
- 12d
& 132 Template::Config plugins
+ 132
+ 2d
- 2d
+ 128
& 133 Template::Plugins BEGIN
+ 133
+ 8
- 8
- 133
+ 133
+ 31
- 31
- 133
+ 133
+ 2c
+ 2d
- 2d
+ 2e
- 2e
+ 33
- 33
+ 34
- 34
- 2c
- 133
+ 133
+ 4
- 4
- 133
@ 0 0 1
- 128
+ 125
+ 2d
- 2d
& 134 Template::Plugins _init
+ 134
- 134
- 125
- 132
& 135 Template::Config filters
+ 135
+ 2d
- 2d
+ 128
& 136 Template::Filters BEGIN
+ 136
+ 8
- 8
- 136
+ 136
+ 31
- 31
- 136
+ 136
& 137 locale import
+ 137
- 137
- 136
+ 136
+ 2c
+ 2d
- 2d
+ 2e
- 2e
+ 33
- 33
+ 34
- 34
- 2c
- 136
+ 136
+ 4
- 4
- 136
@ 0 1 0
- 128
+ 125
+ 2d
- 2d
& 138 Template::Filters _init
+ 138
- 138
- 125
- 135
+ 56
- 56
& 139 Template::Config stash
+ 139
+ 2d
- 2d
+ 128
& 13a Template::Stash::XS BEGIN
+ 13a
- 13a
+ 13a
& 13b Template::Stash BEGIN
+ 13b
+ 8
- 8
- 13b
+ 13b
+ 31
- 31
- 13b
+ 13b
& 13c Template::VMethods BEGIN
+ 13c
+ 8
- 8
- 13c
+ 13c
+ 31
- 31
- 13c
& 13d Template::VMethods BEGIN
+ 13d
+ 37
- 37
- 13d
& 13e Template::VMethods BEGIN
+ 13e
+ 37
- 37
- 13e
@ 0 0 1
& 13f Template::VMethods BEGIN
+ 13f
+ 37
- 37
- 13f
& 140 Template::VMethods BEGIN
+ 140
+ 37
- 37
- 140
& 141 Template::VMethods BEGIN
+ 141
+ 37
- 37
- 141
@ 1 0 0
& 142 Template::VMethods BEGIN
+ 142
+ 37
- 37
- 142
- 13b
- 13a
+ 13a
+ 9b
+ 9c
- 9c
+ 40
- 40
+ 41
- 41
+ 42
- 42
+ 43
- 43
& 143 Template::Stash::XS bootstrap
+ 143
- 143
- 9b
- 13a
- 128
& 144 Template::Stash new
+ 144
- 144
- 139
- 12c
- 125
- 12a
- 129
- 125
- 127
- 126
- 125
- 11f
& 145 Template process
+ 145
& 146 Template::Service process
+ 146
& 147 Template::Context reset
+ 147
- 147
& 148 Template::Context template
+ 148
+ 2d
- 2d
& 149 Template::Provider fetch
+ 149
& 14a File::Spec::Unix file_name_is_absolute
+ 14a
- 14a
& 14b Template::Provider _fetch_path
+ 14b
& 14c Template::Provider paths
+ 14c
& 14d UNIVERSAL can
+ 14d
- 14d
- 14c
+ 12f
+ 130
- 130
+ 131
+ 130
- 130
- 131
- 12f
& 14e Template::Provider _fetch
+ 14e
& 14f Template::Provider _compiled_is_current
+ 14f
& 150 Template::Provider _compiled_filename
+ 150
+ 12f
+ 130
- 130
+ 131
+ 130
- 130
- 131
- 12f
- 150
& 151 Template::Provider _template_modified
+ 151
- 151
- 14f
+ 150
+ 12f
+ 130
- 130
+ 131
+ 130
- 130
- 131
- 12f
- 150
& 152 Template::Provider _load_compiled
+ 152
& 153 Template::Document new
+ 153
- 153
- 152
& 154 Template::Provider store
+ 154
& 155 Template::Provider _store
+ 155
& 156 Template::Provider _modified
+ 156
+ 151
- 151
- 156
- 155
- 154
- 14e
- 14b
- 149
- 148
& 157 Template::Context localise
+ 157
& 158 Template::Stash clone
+ 158
- 158
- 157
& 159 Template::Context process
+ 159
+ 148
+ 2d
- 2d
- 148
& 15a Template::Stash update
+ 15a
- 15a
& 15b Template::Stash::XS get
+ 15b
- 15b
+ 2d
- 2d
& 15c Template::Stash::XS set
+ 15c
- 15c
+ 2d
- 2d
& 15d Template::Document blocks
+ 15d
- 15d
& 15e Template::Document process
+ 15e
& 15f Template::Context visit
+ 15f
- 15f
& 160 Template::Provider __ANON__
+ 160
& 161 Template::Context stash
+ 161
- 161
& 162 Template::Context include
+ 162
+ 159
+ 148
+ 2d
- 2d
+ 149
+ 14a
- 14a
+ 14b
+ 14c
+ 14d
- 14d
- 14c
+ 12f
+ 130
- 130
+ 131
+ 130
- 130
- 131
- 12f
+ 14e
+ 14f
+ 150
+ 12f
+ 130
- 130
+ 131
+ 130
- 130
- 131
- 12f
- 150
+ 151
- 151
- 14f
+ 150
+ 12f
+ 130
- 130
+ 131
+ 130
- 130
- 131
- 12f
- 150
+ 152
@ 0 0 1
+ 153
- 153
- 152
+ 154
+ 155
+ 156
+ 151
- 151
@ 1 0 0
- 156
- 155
- 154
- 14e
- 14b
- 149
- 148
+ 158
- 158
+ 15b
- 15b
+ 2d
- 2d
+ 15c
- 15c
+ 15e
+ 15f
- 15f
& 163 Template::Provider __ANON__
+ 163
+ 161
- 161
+ 15b
- 15b
+ 15b
- 15b
+ 15b
- 15b
+ 162
+ 159
+ 148
+ 2d
- 2d
+ 149
+ 14a
- 14a
+ 14b
+ 14c
+ 14d
- 14d
- 14c
+ 12f
+ 130
- 130
+ 131
+ 130
- 130
- 131
- 12f
+ 14e
+ 14f
+ 150
+ 12f
+ 130
- 130
+ 131
+ 130
- 130
- 131
- 12f
- 150
+ 151
- 151
- 14f
+ 150
+ 12f
+ 130
- 130
+ 131
+ 130
- 130
- 131
- 12f
- 150
+ 152
+ 153
- 153
- 152
+ 154
+ 155
+ 156
+ 151
- 151
- 156
- 155
- 154
- 14e
- 14b
- 149
- 148
+ 158
- 158
+ 15b
- 15b
+ 2d
- 2d
+ 15c
- 15c
+ 15e
+ 15f
- 15f
& 164 Template::Provider __ANON__
+ 164
+ 161
- 161
+ 15b
- 15b
- 164
& 165 Template::Context leave
+ 165
- 165
- 15e
+ 2d
- 2d
+ 15c
- 15c
& 166 Template::Stash declone
+ 166
- 166
& 167 Template::Stash::XS DESTROY
+ 167
- 167
- 159
- 162
- 163
+ 165
- 165
- 15e
+ 2d
- 2d
+ 15c
- 15c
+ 166
- 166
+ 167
- 167
- 159
- 162
+ 15b
- 15b
+ 15b
- 15b
+ 162
+ 159
+ 148
+ 2d
- 2d
+ 149
+ 14a
- 14a
+ 14b
+ 14c
+ 14d
- 14d
- 14c
+ 12f
+ 130
- 130
+ 131
+ 130
- 130
- 131
- 12f
+ 14e
+ 14f
+ 150
+ 12f
+ 130
- 130
+ 131
+ 130
- 130
- 131
- 12f
- 150
+ 151
- 151
- 14f
+ 150
+ 12f
+ 130
- 130
+ 131
+ 130
- 130
- 131
- 12f
- 150
+ 152
+ 153
- 153
- 152
+ 154
+ 155
+ 156
+ 151
- 151
- 156
- 155
- 154
- 14e
- 14b
- 149
- 148
+ 158
- 158
+ 15b
- 15b
+ 2d
- 2d
+ 15c
- 15c
+ 15e
+ 15f
- 15f
& 168 Template::Provider __ANON__
+ 168
+ 161
- 161
+ 15b
- 15b
- 168
+ 165
- 165
- 15e
+ 2d
- 2d
+ 15c
- 15c
+ 166
- 166
+ 167
- 167
- 159
- 162
- 160
+ 165
- 165
- 15e
+ 2d
- 2d
+ 15c
- 15c
- 159
& 169 Template::Context delocalise
+ 169
+ 166
- 166
- 169
+ 167
- 167
- 146
& 16a Template _output
+ 16a
- 16a
- 145
& 16b Template::Context DESTROY
+ 16b
- 16b
+ 167
- 167
& 16c Template::Provider DESTROY
+ 16c
- 16c
& 16d Template::Document AUTOLOAD
+ 16d
- 16d
+ 16d
- 16d
+ 16d
- 16d
@ 0 0 1
+ 16d
- 16d
- 11e
+ e6
& 16e CGIBase cgiapp_postrun
+ 16e
- 16e
- e6
& 16f CGI::Application _send_headers
+ 16f
+ e9
- e9
+ e2
- e2
& 170 CGI::Application header_props
+ 170
+ 10c
- 10c
- 170
+ f6
+ f7
@ 1 0 0
- f7
& 171 CGI header
* 171
+ f5
- f5
+ fb
- fb
+ f4
+ f5
- f5
- f4
+ f6
+ f7
- f7
& 172 CGI cache
* 172
+ f5
- f5
- f6
- f6
- 16f
+ e6
& 173 CGI::Application teardown
+ 173
- 173
- e6
- 10f
& 174 CGI DESTROY
+ 174
- 174
& 175 SiteDB END
+ 175
& 176 DBI::db disconnect
+ 176
- 176
- 175
& 177 DBI END
+ 177
& 178 DBD::_::common trace_msg
+ 178
- 178
& 179 DBI disconnect_all
+ 179
& 17a DBI::dr disconnect_all
+ 17a
- 17a
- 179
- 177
